2021-02-19 12:18:02,401 - pynamics.output - INFO - calculating outputs
2021-02-19 12:18:02,402 - pynamics.output - INFO - done calculating outputs
2021-02-19 12:19:21,905 - pynamics.output - INFO - calculating outputs
2021-02-19 12:19:21,906 - pynamics.output - INFO - done calculating outputs
2021-02-19 12:19:48,780 - pynamics.output - INFO - calculating outputs
2021-02-19 12:19:48,781 - pynamics.output - INFO - done calculating outputs
2021-02-19 13:43:10,611 - pynamics.output - INFO - calculating outputs
2021-02-19 13:43:10,612 - pynamics.output - INFO - done calculating outputs
2021-02-19 14:00:43,916 - pynamics.output - INFO - calculating outputs
2021-02-19 14:00:43,917 - pynamics.output - INFO - done calculating outputs
2021-02-19 14:07:50,300 - pynamics.output - INFO - calculating outputs
2021-02-19 14:07:50,301 - pynamics.output - INFO - done calculating outputs
2021-02-19 14:07:57,569 - pynamics.output - INFO - calculating outputs
2021-02-19 14:07:57,570 - pynamics.output - INFO - done calculating outputs
2021-02-19 14:15:53,777 - pynamics.output - INFO - calculating outputs
2021-02-19 14:15:53,778 - pynamics.output - INFO - done calculating outputs
2021-02-19 14:22:37,560 - pynamics.output - INFO - calculating outputs
2021-02-19 14:22:37,560 - pynamics.output - INFO - done calculating outputs
2021-02-19 14:23:52,523 - pynamics.output - INFO - calculating outputs
2021-02-19 14:23:52,524 - pynamics.output - INFO - done calculating outputs
2021-02-19 14:34:59,692 - pynamics.output - INFO - calculating outputs
2021-02-19 14:34:59,692 - pynamics.output - INFO - done calculating outputs
2021-02-19 14:35:45,721 - pynamics.output - INFO - calculating outputs
2021-02-19 14:35:45,722 - pynamics.output - INFO - done calculating outputs
2021-02-19 14:40:53,635 - pynamics.output - INFO - calculating outputs
2021-02-19 14:40:53,635 - pynamics.output - INFO - done calculating outputs
2021-02-19 14:54:24,191 - pynamics.output - INFO - calculating outputs
2021-02-19 14:54:24,192 - pynamics.output - INFO - done calculating outputs
2021-02-19 16:47:38,494 - pynamics.output - INFO - calculating outputs
2021-02-19 16:47:38,495 - pynamics.output - INFO - done calculating outputs
2021-02-19 17:24:03,104 - pynamics.output - INFO - calculating outputs
2021-02-19 17:24:03,105 - pynamics.output - INFO - done calculating outputs
2021-02-19 17:30:42,659 - pynamics.output - INFO - calculating outputs
2021-02-19 17:30:42,660 - pynamics.output - INFO - done calculating outputs
2021-02-19 17:39:46,076 - pynamics.output - INFO - calculating outputs
2021-02-19 17:39:46,078 - pynamics.output - INFO - done calculating outputs
2021-02-19 18:20:36,808 - pynamics.output - INFO - calculating outputs
2021-02-19 18:20:36,809 - pynamics.output - INFO - done calculating outputs
2021-02-19 19:06:48,070 - pynamics.output - INFO - calculating outputs
2021-02-19 19:06:48,071 - pynamics.output - INFO - done calculating outputs
2021-02-19 19:08:49,908 - pynamics.output - INFO - calculating outputs
2021-02-19 19:08:49,910 - pynamics.output - INFO - done calculating outputs
2021-02-19 19:10:09,179 - pynamics.output - INFO - calculating outputs
2021-02-19 19:10:09,180 - pynamics.output - INFO - done calculating outputs
2021-02-19 19:15:44,457 - pynamics.output - INFO - calculating outputs
2021-02-19 19:15:44,459 - pynamics.output - INFO - done calculating outputs
2021-02-19 19:24:20,326 - pynamics.output - INFO - calculating outputs
2021-02-19 19:24:20,327 - pynamics.output - INFO - done calculating outputs
2021-02-19 19:44:34,451 - pynamics.output - INFO - calculating outputs
2021-02-19 19:44:34,453 - pynamics.output - INFO - done calculating outputs
2021-02-19 19:45:59,048 - pynamics.output - INFO - calculating outputs
2021-02-19 19:45:59,050 - pynamics.output - INFO - done calculating outputs
2021-02-19 19:50:39,382 - pynamics.output - INFO - calculating outputs
2021-02-19 19:50:39,383 - pynamics.output - INFO - done calculating outputs
2021-02-19 19:55:48,968 - pynamics.output - INFO - calculating outputs
2021-02-19 19:55:48,970 - pynamics.output - INFO - done calculating outputs
2021-02-19 20:14:29,927 - pynamics.output - INFO - calculating outputs
2021-02-19 20:14:29,928 - pynamics.output - INFO - done calculating outputs
2021-02-19 20:15:38,543 - pynamics.output - INFO - calculating outputs
2021-02-19 20:15:38,545 - pynamics.output - INFO - done calculating outputs
2021-02-19 21:21:54,597 - pynamics.output - INFO - calculating outputs
2021-02-19 21:21:54,598 - pynamics.output - INFO - done calculating outputs
2021-02-19 21:22:24,603 - pynamics.output - INFO - calculating outputs
2021-02-19 21:22:24,605 - pynamics.output - INFO - done calculating outputs
2021-02-19 21:27:42,599 - pynamics.output - INFO - calculating outputs
2021-02-19 21:27:42,601 - pynamics.output - INFO - done calculating outputs
2021-02-19 21:29:08,930 - pynamics.output - INFO - calculating outputs
2021-02-19 21:29:08,931 - pynamics.output - INFO - done calculating outputs
2021-02-19 21:29:23,116 - pynamics.output - INFO - calculating outputs
2021-02-19 21:29:23,118 - pynamics.output - INFO - done calculating outputs
2021-02-19 21:30:49,080 - pynamics.output - INFO - calculating outputs
2021-02-19 21:30:49,082 - pynamics.output - INFO - done calculating outputs
2021-02-19 21:31:27,685 - pynamics.output - INFO - calculating outputs
2021-02-19 21:31:27,686 - pynamics.output - INFO - done calculating outputs
2021-02-19 21:33:27,631 - pynamics.output - INFO - calculating outputs
2021-02-19 21:33:27,632 - pynamics.output - INFO - done calculating outputs
2021-02-19 21:49:17,992 - pynamics.output - INFO - calculating outputs
2021-02-19 21:49:17,994 - pynamics.output - INFO - done calculating outputs
2021-02-19 21:50:26,100 - pynamics.output - INFO - calculating outputs
2021-02-19 21:50:26,101 - pynamics.output - INFO - done calculating outputs
2021-02-19 22:32:15,784 - pynamics.output - INFO - calculating outputs
2021-02-19 22:32:15,786 - pynamics.output - INFO - done calculating outputs
2021-02-19 22:33:54,030 - pynamics.output - INFO - calculating outputs
2021-02-19 22:33:54,031 - pynamics.output - INFO - done calculating outputs
2021-02-19 22:37:25,755 - pynamics.output - INFO - calculating outputs
2021-02-19 22:37:25,756 - pynamics.output - INFO - done calculating outputs
2021-02-19 22:41:37,876 - pynamics.output - INFO - calculating outputs
2021-02-19 22:41:37,877 - pynamics.output - INFO - done calculating outputs
2021-02-19 22:41:55,870 - pynamics.output - INFO - calculating outputs
2021-02-19 22:41:55,872 - pynamics.output - INFO - done calculating outputs
2021-02-19 22:43:06,633 - pynamics.output - INFO - calculating outputs
2021-02-19 22:43:06,635 - pynamics.output - INFO - done calculating outputs
2021-02-19 22:46:14,397 - pynamics.output - INFO - calculating outputs
2021-02-19 22:46:14,398 - pynamics.output - INFO - done calculating outputs
2021-02-22 09:57:39,705 - pynamics.output - INFO - calculating outputs
2021-02-22 09:57:39,707 - pynamics.output - INFO - done calculating outputs
2021-02-24 21:43:46,127 - pynamics.output - INFO - calculating outputs
2021-02-24 21:43:46,128 - pynamics.output - INFO - done calculating outputs
2021-02-24 21:44:35,758 - pynamics.output - INFO - calculating outputs
2021-02-24 21:44:35,760 - pynamics.output - INFO - done calculating outputs
2021-02-24 21:45:04,728 - pynamics.output - INFO - calculating outputs
2021-02-24 21:45:04,730 - pynamics.output - INFO - done calculating outputs
2021-02-24 21:45:34,196 - pynamics.output - INFO - calculating outputs
2021-02-24 21:45:34,198 - pynamics.output - INFO - done calculating outputs
2021-02-24 21:46:35,638 - pynamics.output - INFO - calculating outputs
2021-02-24 21:46:35,640 - pynamics.output - INFO - done calculating outputs
2021-02-24 21:48:10,685 - pynamics.output - INFO - calculating outputs
2021-02-24 21:48:10,686 - pynamics.output - INFO - done calculating outputs
2021-02-24 21:48:30,706 - pynamics.output - INFO - calculating outputs
2021-02-24 21:48:30,707 - pynamics.output - INFO - done calculating outputs
2021-02-24 21:56:18,210 - pynamics.output - INFO - calculating outputs
2021-02-24 21:56:18,211 - pynamics.output - INFO - done calculating outputs
2021-02-24 22:00:02,096 - pynamics.output - INFO - calculating outputs
2021-02-24 22:00:02,098 - pynamics.output - INFO - done calculating outputs
2021-02-24 22:00:53,049 - pynamics.output - INFO - calculating outputs
2021-02-24 22:00:53,050 - pynamics.output - INFO - done calculating outputs
2021-02-27 20:38:28,669 - pynamics.system - INFO - getting dynamic equations
2021-02-27 20:38:28,843 - pynamics.system - INFO - solving a = f/m and creating function
2021-02-27 20:38:28,844 - pynamics.system - INFO - substituting constrained in Ma-f.
2021-02-27 20:38:28,999 - pynamics.system - INFO - done solving a = f/m and creating function
2021-02-27 20:38:28,999 - pynamics.system - INFO - calculating function for lambdas
2021-02-27 20:40:33,418 - pynamics.system - INFO - getting dynamic equations
2021-02-27 20:40:33,594 - pynamics.system - INFO - solving a = f/m and creating function
2021-02-27 20:40:33,596 - pynamics.system - INFO - substituting constrained in Ma-f.
2021-02-27 20:40:33,747 - pynamics.system - INFO - done solving a = f/m and creating function
2021-02-27 20:40:33,747 - pynamics.system - INFO - calculating function for lambdas
2021-02-27 20:40:33,818 - pynamics.integration - INFO - beginning integration
2021-02-27 20:40:33,819 - pynamics.system - INFO - integration at time 0000.00
2021-02-27 20:40:34,163 - pynamics.system - INFO - integration at time 0009.72
2021-02-27 20:40:34,170 - pynamics.integration - INFO - finished integration
2021-02-27 20:42:19,576 - pynamics.system - INFO - getting dynamic equations
2021-02-27 20:42:19,750 - pynamics.system - INFO - solving a = f/m and creating function
2021-02-27 20:42:19,752 - pynamics.system - INFO - substituting constrained in Ma-f.
2021-02-27 20:42:19,903 - pynamics.system - INFO - done solving a = f/m and creating function
2021-02-27 20:42:19,904 - pynamics.system - INFO - calculating function for lambdas
2021-02-27 20:42:19,921 - pynamics.integration - INFO - beginning integration
2021-02-27 20:42:19,921 - pynamics.system - INFO - integration at time 0000.00
2021-02-27 20:42:20,245 - pynamics.system - INFO - integration at time 0009.72
2021-02-27 20:42:20,251 - pynamics.integration - INFO - finished integration
2021-02-27 20:42:20,413 - pynamics.output - INFO - calculating outputs
2021-02-27 20:42:20,421 - pynamics.output - INFO - done calculating outputs
2021-02-27 20:42:20,521 - pynamics.output - INFO - calculating outputs
2021-02-27 20:42:20,529 - pynamics.output - INFO - done calculating outputs
2021-02-27 21:06:51,321 - pynamics.output - INFO - calculating outputs
2021-02-27 21:06:51,322 - pynamics.output - INFO - done calculating outputs
2021-02-27 21:06:51,355 - pynamics.system - INFO - getting dynamic equations
2021-02-27 21:06:51,530 - pynamics.system - INFO - solving a = f/m and creating function
2021-02-27 21:06:51,532 - pynamics.system - INFO - substituting constrained in Ma-f.
2021-02-27 21:06:51,682 - pynamics.system - INFO - done solving a = f/m and creating function
2021-02-27 21:06:51,682 - pynamics.system - INFO - calculating function for lambdas
2021-02-27 21:06:51,701 - pynamics.integration - INFO - beginning integration
2021-02-27 21:06:51,702 - pynamics.system - INFO - integration at time 0000.00
2021-02-27 21:06:52,032 - pynamics.system - INFO - integration at time 0008.98
2021-02-27 21:06:52,041 - pynamics.integration - INFO - finished integration
2021-02-27 21:06:52,206 - pynamics.output - INFO - calculating outputs
2021-02-27 21:06:52,214 - pynamics.output - INFO - done calculating outputs
2021-02-27 21:06:52,318 - pynamics.output - INFO - calculating outputs
2021-02-27 21:06:52,326 - pynamics.output - INFO - done calculating outputs
2021-02-27 21:10:29,092 - pynamics.output - INFO - calculating outputs
2021-02-27 21:10:29,093 - pynamics.output - INFO - done calculating outputs
2021-02-27 21:10:29,127 - pynamics.system - INFO - getting dynamic equations
2021-02-27 21:10:29,298 - pynamics.system - INFO - solving a = f/m and creating function
2021-02-27 21:10:29,300 - pynamics.system - INFO - substituting constrained in Ma-f.
2021-02-27 21:10:29,450 - pynamics.system - INFO - done solving a = f/m and creating function
2021-02-27 21:10:29,450 - pynamics.system - INFO - calculating function for lambdas
2021-02-27 21:10:29,465 - pynamics.integration - INFO - beginning integration
2021-02-27 21:10:29,466 - pynamics.system - INFO - integration at time 0000.00
2021-02-27 21:10:29,804 - pynamics.system - INFO - integration at time 0008.98
2021-02-27 21:10:29,813 - pynamics.integration - INFO - finished integration
2021-02-27 21:10:30,000 - pynamics.output - INFO - calculating outputs
2021-02-27 21:10:30,008 - pynamics.output - INFO - done calculating outputs
2021-02-27 21:10:30,108 - pynamics.output - INFO - calculating outputs
2021-02-27 21:10:30,116 - pynamics.output - INFO - done calculating outputs
2021-02-27 21:19:39,345 - pynamics.output - INFO - calculating outputs
2021-02-27 21:19:39,346 - pynamics.output - INFO - done calculating outputs
2021-02-27 21:19:39,379 - pynamics.system - INFO - getting dynamic equations
2021-02-27 21:19:39,554 - pynamics.system - INFO - solving a = f/m and creating function
2021-02-27 21:19:39,556 - pynamics.system - INFO - substituting constrained in Ma-f.
2021-02-27 21:19:39,708 - pynamics.system - INFO - done solving a = f/m and creating function
2021-02-27 21:19:39,708 - pynamics.system - INFO - calculating function for lambdas
2021-02-27 21:19:39,722 - pynamics.integration - INFO - beginning integration
2021-02-27 21:19:39,723 - pynamics.system - INFO - integration at time 0000.00
2021-02-27 21:19:40,054 - pynamics.system - INFO - integration at time 0001.22
2021-02-27 21:19:40,392 - pynamics.system - INFO - integration at time 0002.40
2021-02-27 21:19:40,730 - pynamics.system - INFO - integration at time 0004.31
2021-02-27 21:19:41,067 - pynamics.system - INFO - integration at time 0006.08
2021-02-27 21:19:41,404 - pynamics.system - INFO - integration at time 0007.08
2021-02-27 21:19:41,742 - pynamics.system - INFO - integration at time 0008.39
2021-02-27 21:19:42,078 - pynamics.system - INFO - integration at time 0009.47
2021-02-27 21:19:42,193 - pynamics.integration - INFO - finished integration
2021-02-27 21:19:42,384 - pynamics.output - INFO - calculating outputs
2021-02-27 21:19:42,392 - pynamics.output - INFO - done calculating outputs
2021-02-27 21:19:42,494 - pynamics.output - INFO - calculating outputs
2021-02-27 21:19:42,502 - pynamics.output - INFO - done calculating outputs
2021-02-27 21:49:11,836 - pynamics.output - INFO - calculating outputs
2021-02-27 21:49:11,837 - pynamics.output - INFO - done calculating outputs
2021-02-27 21:49:11,871 - pynamics.system - INFO - getting dynamic equations
2021-02-27 21:49:12,047 - pynamics.system - INFO - solving a = f/m and creating function
2021-02-27 21:49:12,049 - pynamics.system - INFO - substituting constrained in Ma-f.
2021-02-27 21:49:12,199 - pynamics.system - INFO - done solving a = f/m and creating function
2021-02-27 21:49:12,199 - pynamics.system - INFO - calculating function for lambdas
2021-02-27 21:49:12,216 - pynamics.integration - INFO - beginning integration
2021-02-27 21:49:12,217 - pynamics.system - INFO - integration at time 0000.00
2021-02-27 21:49:12,546 - pynamics.system - INFO - integration at time 0000.01
2021-02-27 21:49:12,616 - pynamics.integration - INFO - finished integration
2021-02-27 21:49:12,785 - pynamics.output - INFO - calculating outputs
2021-02-27 21:50:28,704 - pynamics.output - INFO - calculating outputs
2021-02-27 21:50:28,706 - pynamics.output - INFO - done calculating outputs
2021-02-27 21:50:28,739 - pynamics.system - INFO - getting dynamic equations
2021-02-27 21:50:28,905 - pynamics.system - INFO - solving a = f/m and creating function
2021-02-27 21:50:28,907 - pynamics.system - INFO - substituting constrained in Ma-f.
2021-02-27 21:50:29,056 - pynamics.system - INFO - done solving a = f/m and creating function
2021-02-27 21:50:29,056 - pynamics.system - INFO - calculating function for lambdas
2021-02-27 21:50:29,071 - pynamics.integration - INFO - beginning integration
2021-02-27 21:50:29,072 - pynamics.system - INFO - integration at time 0000.00
2021-02-27 21:50:29,398 - pynamics.system - INFO - integration at time 0000.01
2021-02-27 21:50:29,464 - pynamics.integration - INFO - finished integration
2021-02-27 21:50:29,650 - pynamics.output - INFO - calculating outputs
2021-02-27 21:50:29,657 - pynamics.output - INFO - done calculating outputs
2021-02-27 21:50:29,757 - pynamics.output - INFO - calculating outputs
2021-02-27 21:50:29,765 - pynamics.output - INFO - done calculating outputs
2021-02-27 21:50:53,323 - pynamics.output - INFO - calculating outputs
2021-02-27 21:50:53,324 - pynamics.output - INFO - done calculating outputs
2021-02-27 21:50:53,358 - pynamics.system - INFO - getting dynamic equations
2021-02-27 21:50:53,529 - pynamics.system - INFO - solving a = f/m and creating function
2021-02-27 21:50:53,531 - pynamics.system - INFO - substituting constrained in Ma-f.
2021-02-27 21:50:53,679 - pynamics.system - INFO - done solving a = f/m and creating function
2021-02-27 21:50:53,680 - pynamics.system - INFO - calculating function for lambdas
2021-02-27 21:50:53,694 - pynamics.integration - INFO - beginning integration
2021-02-27 21:50:53,695 - pynamics.system - INFO - integration at time 0000.00
2021-02-27 21:50:54,023 - pynamics.system - INFO - integration at time 0000.64
2021-02-27 21:50:54,345 - pynamics.system - INFO - integration at time 0001.12
2021-02-27 21:50:54,665 - pynamics.system - INFO - integration at time 0001.50
2021-02-27 21:50:54,985 - pynamics.system - INFO - integration at time 0002.18
2021-02-27 21:50:55,306 - pynamics.system - INFO - integration at time 0002.81
2021-02-27 21:50:55,628 - pynamics.system - INFO - integration at time 0003.30
2021-02-27 21:50:55,950 - pynamics.system - INFO - integration at time 0003.54
2021-02-27 21:50:56,274 - pynamics.system - INFO - integration at time 0004.29
2021-02-27 21:50:56,598 - pynamics.system - INFO - integration at time 0004.81
2021-02-27 21:50:56,922 - pynamics.system - INFO - integration at time 0005.21
2021-02-27 21:50:57,244 - pynamics.system - INFO - integration at time 0005.67
2021-02-27 21:50:57,567 - pynamics.system - INFO - integration at time 0006.12
2021-02-27 21:50:57,887 - pynamics.system - INFO - integration at time 0006.54
2021-02-27 21:50:58,208 - pynamics.system - INFO - integration at time 0007.00
2021-02-27 21:50:58,530 - pynamics.system - INFO - integration at time 0007.54
2021-02-27 21:50:58,852 - pynamics.system - INFO - integration at time 0008.03
2021-02-27 21:50:59,173 - pynamics.system - INFO - integration at time 0008.59
2021-02-27 21:50:59,494 - pynamics.system - INFO - integration at time 0009.13
2021-02-27 21:50:59,814 - pynamics.system - INFO - integration at time 0009.59
2021-02-27 21:51:00,136 - pynamics.system - INFO - integration at time 0009.89
2021-02-27 21:51:00,189 - pynamics.integration - INFO - finished integration
2021-02-27 21:51:00,376 - pynamics.output - INFO - calculating outputs
2021-02-27 21:51:00,384 - pynamics.output - INFO - done calculating outputs
2021-02-27 21:51:00,486 - pynamics.output - INFO - calculating outputs
2021-02-27 21:51:00,494 - pynamics.output - INFO - done calculating outputs
2021-02-27 21:51:38,088 - pynamics.output - INFO - calculating outputs
2021-02-27 21:51:38,089 - pynamics.output - INFO - done calculating outputs
2021-02-27 21:51:38,121 - pynamics.system - INFO - getting dynamic equations
2021-02-27 21:51:38,294 - pynamics.system - INFO - solving a = f/m and creating function
2021-02-27 21:51:38,296 - pynamics.system - INFO - substituting constrained in Ma-f.
2021-02-27 21:51:38,445 - pynamics.system - INFO - done solving a = f/m and creating function
2021-02-27 21:51:38,445 - pynamics.system - INFO - calculating function for lambdas
2021-02-27 21:51:38,471 - pynamics.integration - INFO - beginning integration
2021-02-27 21:51:38,471 - pynamics.system - INFO - integration at time 0000.00
2021-02-27 21:51:38,739 - pynamics.integration - INFO - finished integration
2021-02-27 21:51:38,916 - pynamics.output - INFO - calculating outputs
2021-02-27 21:51:38,924 - pynamics.output - INFO - done calculating outputs
2021-02-27 21:51:39,027 - pynamics.output - INFO - calculating outputs
2021-02-27 21:51:39,035 - pynamics.output - INFO - done calculating outputs
2021-02-27 21:51:58,123 - pynamics.output - INFO - calculating outputs
2021-02-27 21:51:58,124 - pynamics.output - INFO - done calculating outputs
2021-02-27 21:51:58,156 - pynamics.system - INFO - getting dynamic equations
2021-02-27 21:51:58,329 - pynamics.system - INFO - solving a = f/m and creating function
2021-02-27 21:51:58,331 - pynamics.system - INFO - substituting constrained in Ma-f.
2021-02-27 21:51:58,480 - pynamics.system - INFO - done solving a = f/m and creating function
2021-02-27 21:51:58,480 - pynamics.system - INFO - calculating function for lambdas
2021-02-27 21:51:58,508 - pynamics.integration - INFO - beginning integration
2021-02-27 21:51:58,509 - pynamics.system - INFO - integration at time 0000.00
2021-02-27 21:51:58,828 - pynamics.integration - INFO - finished integration
2021-02-27 21:51:59,014 - pynamics.output - INFO - calculating outputs
2021-02-27 21:51:59,022 - pynamics.output - INFO - done calculating outputs
2021-02-27 21:51:59,123 - pynamics.output - INFO - calculating outputs
2021-02-27 21:51:59,131 - pynamics.output - INFO - done calculating outputs
2021-02-27 21:52:40,759 - pynamics.output - INFO - calculating outputs
2021-02-27 21:52:40,760 - pynamics.output - INFO - done calculating outputs
2021-02-27 21:52:40,793 - pynamics.system - INFO - getting dynamic equations
2021-02-27 21:52:40,967 - pynamics.system - INFO - solving a = f/m and creating function
2021-02-27 21:52:40,969 - pynamics.system - INFO - substituting constrained in Ma-f.
2021-02-27 21:52:41,120 - pynamics.system - INFO - done solving a = f/m and creating function
2021-02-27 21:52:41,121 - pynamics.system - INFO - calculating function for lambdas
2021-02-27 21:52:41,144 - pynamics.integration - INFO - beginning integration
2021-02-27 21:52:41,144 - pynamics.system - INFO - integration at time 0000.00
2021-02-27 21:52:41,413 - pynamics.integration - INFO - finished integration
2021-02-27 21:52:41,591 - pynamics.output - INFO - calculating outputs
2021-02-27 21:52:41,599 - pynamics.output - INFO - done calculating outputs
2021-02-27 21:52:41,697 - pynamics.output - INFO - calculating outputs
2021-02-27 21:52:41,705 - pynamics.output - INFO - done calculating outputs
2021-02-27 21:56:36,222 - pynamics.output - INFO - calculating outputs
2021-02-27 21:56:36,223 - pynamics.output - INFO - done calculating outputs
2021-02-27 21:56:36,257 - pynamics.system - INFO - getting dynamic equations
2021-02-27 21:56:36,431 - pynamics.system - INFO - solving a = f/m and creating function
2021-02-27 21:56:36,433 - pynamics.system - INFO - substituting constrained in Ma-f.
2021-02-27 21:56:36,586 - pynamics.system - INFO - done solving a = f/m and creating function
2021-02-27 21:56:36,587 - pynamics.system - INFO - calculating function for lambdas
2021-02-27 21:56:36,601 - pynamics.integration - INFO - beginning integration
2021-02-27 21:56:36,602 - pynamics.system - INFO - integration at time 0000.00
2021-02-27 21:56:36,931 - pynamics.system - INFO - integration at time 0000.64
2021-02-27 21:56:37,257 - pynamics.system - INFO - integration at time 0001.12
2021-02-27 21:56:37,580 - pynamics.system - INFO - integration at time 0001.50
2021-02-27 21:56:37,908 - pynamics.system - INFO - integration at time 0002.18
2021-02-27 21:56:38,234 - pynamics.system - INFO - integration at time 0002.81
2021-02-27 21:56:38,557 - pynamics.system - INFO - integration at time 0003.30
2021-02-27 21:56:38,884 - pynamics.system - INFO - integration at time 0003.54
2021-02-27 21:56:39,207 - pynamics.system - INFO - integration at time 0004.29
2021-02-27 21:56:39,533 - pynamics.system - INFO - integration at time 0004.81
2021-02-27 21:56:39,858 - pynamics.system - INFO - integration at time 0005.21
2021-02-27 21:56:40,182 - pynamics.system - INFO - integration at time 0005.67
2021-02-27 21:56:40,508 - pynamics.system - INFO - integration at time 0006.12
2021-02-27 21:56:40,833 - pynamics.system - INFO - integration at time 0006.54
2021-02-27 21:56:41,158 - pynamics.system - INFO - integration at time 0007.00
2021-02-27 21:56:41,484 - pynamics.system - INFO - integration at time 0007.54
2021-02-27 21:56:41,809 - pynamics.system - INFO - integration at time 0008.03
2021-02-27 21:56:42,135 - pynamics.system - INFO - integration at time 0008.59
2021-02-27 21:56:42,459 - pynamics.system - INFO - integration at time 0009.13
2021-02-27 21:56:42,784 - pynamics.system - INFO - integration at time 0009.59
2021-02-27 21:56:43,109 - pynamics.system - INFO - integration at time 0009.89
2021-02-27 21:56:43,163 - pynamics.integration - INFO - finished integration
2021-02-27 21:56:43,347 - pynamics.output - INFO - calculating outputs
2021-02-27 21:56:43,355 - pynamics.output - INFO - done calculating outputs
2021-02-27 21:56:43,442 - pynamics.output - INFO - calculating outputs
2021-02-27 21:56:43,450 - pynamics.output - INFO - done calculating outputs
2021-02-27 22:04:22,664 - pynamics.output - INFO - calculating outputs
2021-02-27 22:04:22,665 - pynamics.output - INFO - done calculating outputs
2021-02-27 22:04:22,696 - pynamics.system - INFO - getting dynamic equations
2021-02-27 22:04:22,867 - pynamics.system - INFO - solving a = f/m and creating function
2021-02-27 22:04:22,869 - pynamics.system - INFO - substituting constrained in Ma-f.
2021-02-27 22:04:23,019 - pynamics.system - INFO - done solving a = f/m and creating function
2021-02-27 22:04:23,019 - pynamics.system - INFO - calculating function for lambdas
2021-02-27 22:04:23,046 - pynamics.integration - INFO - beginning integration
2021-02-27 22:04:23,047 - pynamics.system - INFO - integration at time 0000.00
2021-02-27 22:04:23,325 - pynamics.integration - INFO - finished integration
2021-02-27 22:04:23,518 - pynamics.output - INFO - calculating outputs
2021-02-27 22:04:23,526 - pynamics.output - INFO - done calculating outputs
2021-02-27 22:04:23,628 - pynamics.output - INFO - calculating outputs
2021-02-27 22:04:23,636 - pynamics.output - INFO - done calculating outputs
2021-02-27 22:47:55,582 - pynamics.output - INFO - calculating outputs
2021-02-27 22:47:55,583 - pynamics.output - INFO - done calculating outputs
2021-02-27 22:54:18,633 - pynamics.output - INFO - calculating outputs
2021-02-27 22:54:18,635 - pynamics.output - INFO - done calculating outputs
2021-02-28 14:00:15,505 - pynamics.output - INFO - calculating outputs
2021-02-28 14:00:15,506 - pynamics.output - INFO - done calculating outputs
2021-02-28 15:37:49,211 - pynamics.output - INFO - calculating outputs
2021-02-28 15:37:49,212 - pynamics.output - INFO - done calculating outputs
2021-02-28 15:37:49,246 - pynamics.system - INFO - getting dynamic equations
2021-02-28 15:37:49,422 - pynamics.system - INFO - solving a = f/m and creating function
2021-02-28 15:37:49,424 - pynamics.system - INFO - substituting constrained in Ma-f.
2021-02-28 15:37:49,574 - pynamics.system - INFO - done solving a = f/m and creating function
2021-02-28 15:37:49,575 - pynamics.system - INFO - calculating function for lambdas
2021-02-28 15:37:49,652 - pynamics.integration - INFO - beginning integration
2021-02-28 15:37:49,652 - pynamics.system - INFO - integration at time 0000.00
2021-02-28 15:37:49,931 - pynamics.integration - INFO - finished integration
2021-02-28 15:37:50,118 - pynamics.output - INFO - calculating outputs
2021-02-28 15:37:50,126 - pynamics.output - INFO - done calculating outputs
2021-02-28 15:37:50,230 - pynamics.output - INFO - calculating outputs
2021-02-28 15:37:50,238 - pynamics.output - INFO - done calculating outputs
2021-02-28 15:38:03,630 - pynamics.output - INFO - calculating outputs
2021-02-28 15:38:03,631 - pynamics.output - INFO - done calculating outputs
2021-02-28 15:38:03,665 - pynamics.system - INFO - getting dynamic equations
2021-02-28 15:38:03,842 - pynamics.system - INFO - solving a = f/m and creating function
2021-02-28 15:38:03,844 - pynamics.system - INFO - substituting constrained in Ma-f.
2021-02-28 15:38:03,996 - pynamics.system - INFO - done solving a = f/m and creating function
2021-02-28 15:38:03,996 - pynamics.system - INFO - calculating function for lambdas
2021-02-28 15:38:04,012 - pynamics.integration - INFO - beginning integration
2021-02-28 15:38:04,013 - pynamics.system - INFO - integration at time 0000.00
2021-02-28 15:38:04,285 - pynamics.integration - INFO - finished integration
2021-02-28 15:38:04,455 - pynamics.output - INFO - calculating outputs
2021-02-28 15:38:04,463 - pynamics.output - INFO - done calculating outputs
2021-02-28 15:38:04,566 - pynamics.output - INFO - calculating outputs
2021-02-28 15:38:04,574 - pynamics.output - INFO - done calculating outputs
2021-02-28 15:40:08,393 - pynamics.output - INFO - calculating outputs
2021-02-28 15:40:08,394 - pynamics.output - INFO - done calculating outputs
2021-02-28 15:40:08,428 - pynamics.system - INFO - getting dynamic equations
2021-02-28 15:40:08,604 - pynamics.system - INFO - solving a = f/m and creating function
2021-02-28 15:40:08,606 - pynamics.system - INFO - substituting constrained in Ma-f.
2021-02-28 15:40:08,756 - pynamics.system - INFO - done solving a = f/m and creating function
2021-02-28 15:40:08,756 - pynamics.system - INFO - calculating function for lambdas
2021-02-28 15:40:08,777 - pynamics.integration - INFO - beginning integration
2021-02-28 15:40:08,777 - pynamics.system - INFO - integration at time 0000.00
2021-02-28 15:40:09,048 - pynamics.integration - INFO - finished integration
2021-02-28 15:40:09,220 - pynamics.output - INFO - calculating outputs
2021-02-28 15:40:09,228 - pynamics.output - INFO - done calculating outputs
2021-02-28 15:40:09,331 - pynamics.output - INFO - calculating outputs
2021-02-28 15:40:09,339 - pynamics.output - INFO - done calculating outputs
2021-03-07 11:30:36,816 - pynamics.output - INFO - calculating outputs
2021-03-07 11:30:36,818 - pynamics.output - INFO - done calculating outputs
2021-03-07 11:33:12,027 - pynamics.output - INFO - calculating outputs
2021-03-07 11:33:12,028 - pynamics.output - INFO - done calculating outputs
2021-03-07 11:41:01,866 - pynamics.output - INFO - calculating outputs
2021-03-07 11:41:01,867 - pynamics.output - INFO - done calculating outputs
2021-03-07 11:43:23,024 - pynamics.output - INFO - calculating outputs
2021-03-07 11:43:23,025 - pynamics.output - INFO - done calculating outputs
2021-03-07 11:45:16,531 - pynamics.output - INFO - calculating outputs
2021-03-07 11:45:16,532 - pynamics.output - INFO - done calculating outputs
2021-03-07 11:52:33,182 - pynamics.output - INFO - calculating outputs
2021-03-07 11:52:33,183 - pynamics.output - INFO - done calculating outputs
2021-03-07 11:54:07,340 - pynamics.output - INFO - calculating outputs
2021-03-07 11:54:07,341 - pynamics.output - INFO - done calculating outputs
2021-03-07 11:54:57,880 - pynamics.output - INFO - calculating outputs
2021-03-07 11:54:57,881 - pynamics.output - INFO - done calculating outputs
2021-03-07 11:54:57,916 - pynamics.system - INFO - getting dynamic equations
2021-03-07 11:54:58,087 - pynamics.system - INFO - solving a = f/m and creating function
2021-03-07 11:54:58,089 - pynamics.system - INFO - substituting constrained in Ma-f.
2021-03-07 11:54:58,241 - pynamics.system - INFO - done solving a = f/m and creating function
2021-03-07 11:54:58,241 - pynamics.system - INFO - calculating function for lambdas
2021-03-07 11:54:58,310 - pynamics.integration - INFO - beginning integration
2021-03-07 11:54:58,310 - pynamics.system - INFO - integration at time 0000.00
2021-03-07 11:54:58,567 - pynamics.integration - INFO - finished integration
2021-03-07 11:54:58,734 - pynamics.output - INFO - calculating outputs
2021-03-07 11:54:58,742 - pynamics.output - INFO - done calculating outputs
2021-03-07 11:54:58,843 - pynamics.output - INFO - calculating outputs
2021-03-07 11:54:58,851 - pynamics.output - INFO - done calculating outputs
2021-03-07 12:01:06,111 - pynamics.output - INFO - calculating outputs
2021-03-07 12:01:06,113 - pynamics.output - INFO - done calculating outputs
2021-03-07 12:01:06,146 - pynamics.system - INFO - getting dynamic equations
2021-03-07 12:01:06,322 - pynamics.system - INFO - solving a = f/m and creating function
2021-03-07 12:01:06,324 - pynamics.system - INFO - substituting constrained in Ma-f.
2021-03-07 12:01:06,477 - pynamics.system - INFO - done solving a = f/m and creating function
2021-03-07 12:01:06,477 - pynamics.system - INFO - calculating function for lambdas
2021-03-07 12:01:06,491 - pynamics.integration - INFO - beginning integration
2021-03-07 12:01:06,491 - pynamics.system - INFO - integration at time 0000.00
2021-03-07 12:01:06,748 - pynamics.integration - INFO - finished integration
2021-03-07 12:01:06,927 - pynamics.output - INFO - calculating outputs
2021-03-07 12:01:06,936 - pynamics.output - INFO - done calculating outputs
2021-03-07 12:01:07,036 - pynamics.output - INFO - calculating outputs
2021-03-07 12:01:07,044 - pynamics.output - INFO - done calculating outputs
2021-03-07 12:57:18,010 - pynamics.output - INFO - calculating outputs
2021-03-07 12:57:18,011 - pynamics.output - INFO - done calculating outputs
2021-03-07 13:01:06,627 - pynamics.output - INFO - calculating outputs
2021-03-07 13:01:06,628 - pynamics.output - INFO - done calculating outputs
2021-03-07 13:01:06,664 - pynamics.system - INFO - getting dynamic equations
2021-03-07 13:01:06,824 - pynamics.system - INFO - solving a = f/m and creating function
2021-03-07 13:01:06,826 - pynamics.system - INFO - substituting constrained in Ma-f.
2021-03-07 13:01:06,975 - pynamics.system - INFO - done solving a = f/m and creating function
2021-03-07 13:01:06,976 - pynamics.system - INFO - calculating function for lambdas
2021-03-07 13:01:06,992 - pynamics.integration - INFO - beginning integration
2021-03-07 13:01:06,992 - pynamics.system - INFO - integration at time 0000.00
2021-03-07 13:01:07,227 - pynamics.integration - INFO - finished integration
2021-03-07 13:01:07,395 - pynamics.output - INFO - calculating outputs
2021-03-07 13:01:07,403 - pynamics.output - INFO - done calculating outputs
2021-03-07 13:01:07,504 - pynamics.output - INFO - calculating outputs
2021-03-07 13:01:07,512 - pynamics.output - INFO - done calculating outputs
2021-03-07 13:02:13,019 - pynamics.output - INFO - calculating outputs
2021-03-07 13:02:13,020 - pynamics.output - INFO - done calculating outputs
2021-03-07 13:02:13,055 - pynamics.system - INFO - getting dynamic equations
2021-03-07 13:02:13,230 - pynamics.system - INFO - solving a = f/m and creating function
2021-03-07 13:02:13,232 - pynamics.system - INFO - substituting constrained in Ma-f.
2021-03-07 13:02:13,380 - pynamics.system - INFO - done solving a = f/m and creating function
2021-03-07 13:02:13,380 - pynamics.system - INFO - calculating function for lambdas
2021-03-07 13:02:13,401 - pynamics.integration - INFO - beginning integration
2021-03-07 13:02:13,401 - pynamics.system - INFO - integration at time 0000.00
2021-03-07 13:02:13,731 - pynamics.system - INFO - integration at time 0000.48
2021-03-07 13:02:14,057 - pynamics.system - INFO - integration at time 0001.02
2021-03-07 13:02:14,385 - pynamics.system - INFO - integration at time 0001.47
2021-03-07 13:02:14,712 - pynamics.system - INFO - integration at time 0002.00
2021-03-07 13:02:15,040 - pynamics.system - INFO - integration at time 0002.36
2021-03-07 13:02:15,370 - pynamics.system - INFO - integration at time 0003.00
2021-03-07 13:02:15,700 - pynamics.system - INFO - integration at time 0003.49
2021-03-07 13:02:16,030 - pynamics.system - INFO - integration at time 0003.97
2021-03-07 13:02:16,360 - pynamics.system - INFO - integration at time 0004.41
2021-03-07 13:02:16,687 - pynamics.system - INFO - integration at time 0004.90
2021-03-07 13:02:17,012 - pynamics.system - INFO - integration at time 0005.41
2021-03-07 13:02:17,341 - pynamics.system - INFO - integration at time 0006.06
2021-03-07 13:02:17,670 - pynamics.system - INFO - integration at time 0006.42
2021-03-07 13:02:17,999 - pynamics.system - INFO - integration at time 0006.94
2021-03-07 13:02:18,327 - pynamics.system - INFO - integration at time 0007.31
2021-03-07 13:02:18,652 - pynamics.system - INFO - integration at time 0007.75
2021-03-07 13:02:18,980 - pynamics.system - INFO - integration at time 0008.60
2021-03-07 13:02:19,306 - pynamics.system - INFO - integration at time 0008.98
2021-03-07 13:02:19,633 - pynamics.system - INFO - integration at time 0009.60
2021-03-07 13:02:19,959 - pynamics.system - INFO - integration at time 0009.92
2021-03-07 13:02:19,979 - pynamics.integration - INFO - finished integration
2021-03-07 13:02:20,155 - pynamics.output - INFO - calculating outputs
2021-03-07 13:02:20,163 - pynamics.output - INFO - done calculating outputs
2021-03-07 13:02:20,264 - pynamics.output - INFO - calculating outputs
2021-03-07 13:02:20,272 - pynamics.output - INFO - done calculating outputs
2021-03-07 13:04:40,766 - pynamics.output - INFO - calculating outputs
2021-03-07 13:04:40,768 - pynamics.output - INFO - done calculating outputs
2021-03-07 13:04:40,802 - pynamics.system - INFO - getting dynamic equations
2021-03-07 13:04:40,976 - pynamics.system - INFO - solving a = f/m and creating function
2021-03-07 13:04:40,978 - pynamics.system - INFO - substituting constrained in Ma-f.
2021-03-07 13:04:41,126 - pynamics.system - INFO - done solving a = f/m and creating function
2021-03-07 13:04:41,126 - pynamics.system - INFO - calculating function for lambdas
2021-03-07 13:04:41,145 - pynamics.integration - INFO - beginning integration
2021-03-07 13:04:41,145 - pynamics.system - INFO - integration at time 0000.00
2021-03-07 13:04:41,382 - pynamics.integration - INFO - finished integration
2021-03-07 13:04:41,543 - pynamics.output - INFO - calculating outputs
2021-03-07 13:04:41,551 - pynamics.output - INFO - done calculating outputs
2021-03-07 13:04:41,650 - pynamics.output - INFO - calculating outputs
2021-03-07 13:04:41,658 - pynamics.output - INFO - done calculating outputs
2021-03-07 13:07:33,584 - pynamics.output - INFO - calculating outputs
2021-03-07 13:07:33,585 - pynamics.output - INFO - done calculating outputs
2021-03-07 13:07:33,619 - pynamics.system - INFO - getting dynamic equations
2021-03-07 13:07:33,794 - pynamics.system - INFO - solving a = f/m and creating function
2021-03-07 13:07:33,796 - pynamics.system - INFO - substituting constrained in Ma-f.
2021-03-07 13:07:33,945 - pynamics.system - INFO - done solving a = f/m and creating function
2021-03-07 13:07:33,945 - pynamics.system - INFO - calculating function for lambdas
2021-03-07 13:07:33,964 - pynamics.integration - INFO - beginning integration
2021-03-07 13:07:33,965 - pynamics.system - INFO - integration at time 0000.00
2021-03-07 13:07:34,295 - pynamics.system - INFO - integration at time 0000.42
2021-03-07 13:07:34,621 - pynamics.system - INFO - integration at time 0000.85
2021-03-07 13:07:34,945 - pynamics.system - INFO - integration at time 0001.34
2021-03-07 13:07:35,271 - pynamics.system - INFO - integration at time 0001.78
2021-03-07 13:07:35,597 - pynamics.system - INFO - integration at time 0002.12
2021-03-07 13:07:35,924 - pynamics.system - INFO - integration at time 0002.51
2021-03-07 13:07:36,253 - pynamics.system - INFO - integration at time 0002.83
2021-03-07 13:07:36,580 - pynamics.system - INFO - integration at time 0003.19
2021-03-07 13:07:36,908 - pynamics.system - INFO - integration at time 0003.48
2021-03-07 13:07:37,235 - pynamics.system - INFO - integration at time 0003.88
2021-03-07 13:07:37,561 - pynamics.system - INFO - integration at time 0004.24
2021-03-07 13:07:37,888 - pynamics.system - INFO - integration at time 0004.79
2021-03-07 13:07:38,213 - pynamics.system - INFO - integration at time 0005.14
2021-03-07 13:07:38,540 - pynamics.system - INFO - integration at time 0005.50
2021-03-07 13:07:38,868 - pynamics.system - INFO - integration at time 0005.91
2021-03-07 13:07:39,194 - pynamics.system - INFO - integration at time 0006.39
2021-03-07 13:07:39,528 - pynamics.system - INFO - integration at time 0006.68
2021-03-07 13:07:39,856 - pynamics.system - INFO - integration at time 0007.03
2021-03-07 13:07:40,182 - pynamics.system - INFO - integration at time 0007.49
2021-03-07 13:07:40,511 - pynamics.system - INFO - integration at time 0007.77
2021-03-07 13:07:40,855 - pynamics.system - INFO - integration at time 0008.33
2021-03-07 13:07:41,180 - pynamics.system - INFO - integration at time 0008.76
2021-03-07 13:07:41,538 - pynamics.system - INFO - integration at time 0009.23
2021-03-07 13:07:41,876 - pynamics.system - INFO - integration at time 0009.69
2021-03-07 13:07:42,114 - pynamics.integration - INFO - finished integration
2021-03-07 13:07:42,315 - pynamics.output - INFO - calculating outputs
2021-03-07 13:07:42,323 - pynamics.output - INFO - done calculating outputs
2021-03-07 13:07:42,423 - pynamics.output - INFO - calculating outputs
2021-03-07 13:07:42,431 - pynamics.output - INFO - done calculating outputs
2021-03-07 13:09:59,186 - pynamics.output - INFO - calculating outputs
2021-03-07 13:09:59,188 - pynamics.output - INFO - done calculating outputs
2021-03-07 13:09:59,222 - pynamics.system - INFO - getting dynamic equations
2021-03-07 13:09:59,383 - pynamics.system - INFO - solving a = f/m and creating function
2021-03-07 13:09:59,385 - pynamics.system - INFO - substituting constrained in Ma-f.
2021-03-07 13:09:59,533 - pynamics.system - INFO - done solving a = f/m and creating function
2021-03-07 13:09:59,533 - pynamics.system - INFO - calculating function for lambdas
2021-03-07 13:09:59,551 - pynamics.integration - INFO - beginning integration
2021-03-07 13:09:59,552 - pynamics.system - INFO - integration at time 0000.00
2021-03-07 13:09:59,810 - pynamics.integration - INFO - finished integration
2021-03-07 13:09:59,975 - pynamics.output - INFO - calculating outputs
2021-03-07 13:09:59,983 - pynamics.output - INFO - done calculating outputs
2021-03-07 13:10:00,081 - pynamics.output - INFO - calculating outputs
2021-03-07 13:10:00,089 - pynamics.output - INFO - done calculating outputs
2021-03-14 18:15:25,732 - pynamics.output - INFO - calculating outputs
2021-03-14 18:15:25,733 - pynamics.output - INFO - done calculating outputs
2021-03-14 18:15:25,759 - pynamics.system - INFO - getting dynamic equations
2021-03-14 18:15:25,933 - pynamics.system - INFO - solving a = f/m and creating function
2021-03-14 18:15:25,936 - pynamics.system - INFO - substituting constrained in Ma-f.
2021-03-14 18:15:26,088 - pynamics.system - INFO - done solving a = f/m and creating function
2021-03-14 18:15:26,089 - pynamics.system - INFO - calculating function for lambdas
2021-03-14 18:15:26,161 - pynamics.integration - INFO - beginning integration
2021-03-14 18:15:26,161 - pynamics.system - INFO - integration at time 0000.00
2021-03-14 18:15:26,426 - pynamics.integration - INFO - finished integration
2021-03-14 18:15:26,613 - pynamics.output - INFO - calculating outputs
2021-03-14 18:15:26,621 - pynamics.output - INFO - done calculating outputs
2021-03-14 18:15:26,721 - pynamics.output - INFO - calculating outputs
2021-03-14 18:15:26,730 - pynamics.output - INFO - done calculating outputs
2021-03-14 18:20:02,421 - pynamics.output - INFO - calculating outputs
2021-03-14 18:20:02,422 - pynamics.output - INFO - done calculating outputs
2021-03-14 18:20:02,456 - pynamics.system - INFO - getting dynamic equations
2021-03-14 18:21:40,220 - pynamics.output - INFO - calculating outputs
2021-03-14 18:21:40,221 - pynamics.output - INFO - done calculating outputs
2021-03-14 18:21:40,253 - pynamics.system - INFO - getting dynamic equations
2021-03-14 18:21:40,412 - pynamics.system - INFO - solving a = f/m and creating function
2021-03-14 18:21:40,415 - pynamics.system - INFO - substituting constrained in Ma-f.
2021-03-14 18:21:40,561 - pynamics.system - INFO - done solving a = f/m and creating function
2021-03-14 18:21:40,561 - pynamics.system - INFO - calculating function for lambdas
2021-03-14 18:21:40,583 - pynamics.integration - INFO - beginning integration
2021-03-14 18:21:40,583 - pynamics.system - INFO - integration at time 0000.00
2021-03-14 18:21:40,897 - pynamics.system - INFO - integration at time 0000.98
2021-03-14 18:21:41,169 - pynamics.integration - INFO - finished integration
2021-03-14 18:21:41,350 - pynamics.output - INFO - calculating outputs
2021-03-14 18:21:41,357 - pynamics.output - INFO - done calculating outputs
2021-03-14 18:21:41,459 - pynamics.output - INFO - calculating outputs
2021-03-14 18:21:41,466 - pynamics.output - INFO - done calculating outputs
2021-03-14 18:25:32,959 - pynamics.output - INFO - calculating outputs
2021-03-14 18:25:32,961 - pynamics.output - INFO - done calculating outputs
2021-03-14 18:25:32,993 - pynamics.system - INFO - getting dynamic equations
2021-03-14 18:25:33,151 - pynamics.system - INFO - solving a = f/m and creating function
2021-03-14 18:25:33,153 - pynamics.system - INFO - substituting constrained in Ma-f.
2021-03-14 18:25:33,301 - pynamics.system - INFO - done solving a = f/m and creating function
2021-03-14 18:25:33,302 - pynamics.system - INFO - calculating function for lambdas
2021-03-14 18:25:33,352 - pynamics.integration - INFO - beginning integration
2021-03-14 18:25:33,352 - pynamics.system - INFO - integration at time 0000.00
2021-03-14 18:25:33,667 - pynamics.system - INFO - integration at time 0000.98
2021-03-14 18:25:33,941 - pynamics.integration - INFO - finished integration
2021-03-14 18:25:34,113 - pynamics.output - INFO - calculating outputs
2021-03-14 18:25:34,121 - pynamics.output - INFO - done calculating outputs
2021-03-14 18:25:34,221 - pynamics.output - INFO - calculating outputs
2021-03-14 18:25:34,228 - pynamics.output - INFO - done calculating outputs
2021-03-14 19:25:52,107 - pynamics.output - INFO - calculating outputs
2021-03-14 19:25:52,108 - pynamics.output - INFO - done calculating outputs
2021-03-14 19:25:52,141 - pynamics.system - INFO - getting dynamic equations
2021-03-14 19:25:52,313 - pynamics.system - INFO - solving a = f/m and creating function
2021-03-14 19:25:52,316 - pynamics.system - INFO - substituting constrained in Ma-f.
2021-03-14 19:25:52,467 - pynamics.system - INFO - done solving a = f/m and creating function
2021-03-14 19:25:52,467 - pynamics.system - INFO - calculating function for lambdas
2021-03-14 19:25:52,514 - pynamics.integration - INFO - beginning integration
2021-03-14 19:25:52,515 - pynamics.system - INFO - integration at time 0000.00
2021-03-14 19:25:52,829 - pynamics.system - INFO - integration at time 0000.03
2021-03-14 19:25:53,143 - pynamics.system - INFO - integration at time 0001.78
2021-03-14 19:25:53,457 - pynamics.system - INFO - integration at time 0007.45
2021-03-14 19:25:53,595 - pynamics.integration - INFO - finished integration
2021-03-14 19:25:53,766 - pynamics.output - INFO - calculating outputs
2021-03-14 19:25:53,774 - pynamics.output - INFO - done calculating outputs
2021-03-14 19:25:53,875 - pynamics.output - INFO - calculating outputs
2021-03-14 19:25:53,883 - pynamics.output - INFO - done calculating outputs
2021-03-14 19:40:27,888 - pynamics.output - INFO - calculating outputs
2021-03-14 19:40:27,889 - pynamics.output - INFO - done calculating outputs
2021-03-14 19:40:27,922 - pynamics.system - INFO - getting dynamic equations
2021-03-14 19:40:28,079 - pynamics.system - INFO - solving a = f/m and creating function
2021-03-14 19:40:28,081 - pynamics.system - INFO - substituting constrained in Ma-f.
2021-03-14 19:40:28,234 - pynamics.system - INFO - done solving a = f/m and creating function
2021-03-14 19:40:28,234 - pynamics.system - INFO - calculating function for lambdas
2021-03-14 19:40:28,283 - pynamics.integration - INFO - beginning integration
2021-03-14 19:40:28,283 - pynamics.system - INFO - integration at time 0000.00
2021-03-14 19:40:28,595 - pynamics.system - INFO - integration at time 0000.02
2021-03-14 19:40:28,638 - pynamics.integration - INFO - finished integration
2021-03-14 19:40:28,807 - pynamics.output - INFO - calculating outputs
2021-03-14 19:40:28,814 - pynamics.output - INFO - done calculating outputs
2021-03-14 19:40:28,901 - pynamics.output - INFO - calculating outputs
2021-03-14 19:40:28,908 - pynamics.output - INFO - done calculating outputs
2021-03-14 19:47:40,861 - pynamics.output - INFO - calculating outputs
2021-03-14 19:47:40,863 - pynamics.output - INFO - done calculating outputs
2021-03-14 19:47:40,895 - pynamics.system - INFO - getting dynamic equations
2021-03-14 19:47:41,055 - pynamics.system - INFO - solving a = f/m and creating function
2021-03-14 19:47:41,058 - pynamics.system - INFO - substituting constrained in Ma-f.
2021-03-14 19:47:41,206 - pynamics.system - INFO - done solving a = f/m and creating function
2021-03-14 19:47:41,206 - pynamics.system - INFO - calculating function for lambdas
2021-03-14 19:47:41,257 - pynamics.integration - INFO - beginning integration
2021-03-14 19:47:41,258 - pynamics.system - INFO - integration at time 0000.00
2021-03-14 19:47:41,574 - pynamics.system - INFO - integration at time 0000.02
2021-03-14 19:47:41,614 - pynamics.integration - INFO - finished integration
2021-03-14 19:47:41,784 - pynamics.output - INFO - calculating outputs
2021-03-14 19:49:25,887 - pynamics.output - INFO - calculating outputs
2021-03-14 19:49:25,889 - pynamics.output - INFO - done calculating outputs
2021-03-14 19:49:25,922 - pynamics.system - INFO - getting dynamic equations
2021-03-14 19:49:26,082 - pynamics.system - INFO - solving a = f/m and creating function
2021-03-14 19:49:26,084 - pynamics.system - INFO - substituting constrained in Ma-f.
2021-03-14 19:49:26,234 - pynamics.system - INFO - done solving a = f/m and creating function
2021-03-14 19:49:26,234 - pynamics.system - INFO - calculating function for lambdas
2021-03-14 19:49:26,284 - pynamics.integration - INFO - beginning integration
2021-03-14 19:49:26,284 - pynamics.system - INFO - integration at time 0000.00
2021-03-14 19:49:26,597 - pynamics.system - INFO - integration at time 0000.04
2021-03-14 19:49:26,906 - pynamics.system - INFO - integration at time 0004.65
2021-03-14 19:49:27,218 - pynamics.system - INFO - integration at time 0009.64
2021-03-14 19:49:27,250 - pynamics.integration - INFO - finished integration
2021-03-14 19:49:27,417 - pynamics.output - INFO - calculating outputs
2021-03-14 19:49:27,425 - pynamics.output - INFO - done calculating outputs
2021-03-14 19:49:27,528 - pynamics.output - INFO - calculating outputs
2021-03-14 19:49:27,536 - pynamics.output - INFO - done calculating outputs
2021-03-14 19:49:39,286 - pynamics.output - INFO - calculating outputs
2021-03-14 19:49:39,287 - pynamics.output - INFO - done calculating outputs
2021-03-14 19:49:39,322 - pynamics.system - INFO - getting dynamic equations
2021-03-14 19:49:39,434 - pynamics.system - INFO - solving a = f/m and creating function
2021-03-14 19:49:39,435 - pynamics.system - INFO - substituting constrained in Ma-f.
2021-03-14 19:49:39,539 - pynamics.system - INFO - done solving a = f/m and creating function
2021-03-14 19:49:39,539 - pynamics.system - INFO - calculating function for lambdas
2021-03-14 19:49:39,545 - pynamics.integration - INFO - beginning integration
2021-03-14 19:49:39,546 - pynamics.system - INFO - integration at time 0000.00
2021-03-14 19:49:39,858 - pynamics.system - INFO - integration at time 0001.25
2021-03-14 19:49:40,170 - pynamics.system - INFO - integration at time 0005.06
2021-03-14 19:49:40,483 - pynamics.system - INFO - integration at time 0007.50
2021-03-14 19:49:40,623 - pynamics.integration - INFO - finished integration
2021-03-14 19:49:40,776 - pynamics.output - INFO - calculating outputs
2021-03-14 19:49:40,784 - pynamics.output - INFO - done calculating outputs
2021-03-14 19:49:40,925 - pynamics.output - INFO - calculating outputs
2021-03-14 19:49:40,933 - pynamics.output - INFO - done calculating outputs
2021-03-14 19:50:06,136 - pynamics.output - INFO - calculating outputs
2021-03-14 19:50:06,138 - pynamics.output - INFO - done calculating outputs
2021-03-14 19:50:06,172 - pynamics.system - INFO - getting dynamic equations
2021-03-14 19:50:06,346 - pynamics.system - INFO - solving a = f/m and creating function
2021-03-14 19:50:06,348 - pynamics.system - INFO - substituting constrained in Ma-f.
2021-03-14 19:50:06,494 - pynamics.system - INFO - done solving a = f/m and creating function
2021-03-14 19:50:06,494 - pynamics.system - INFO - calculating function for lambdas
2021-03-14 19:50:06,547 - pynamics.integration - INFO - beginning integration
2021-03-14 19:50:06,548 - pynamics.system - INFO - integration at time 0000.00
2021-03-14 19:50:06,862 - pynamics.system - INFO - integration at time 0000.02
2021-03-14 19:50:06,895 - pynamics.integration - INFO - finished integration
2021-03-14 19:50:07,058 - pynamics.output - INFO - calculating outputs
2021-03-14 19:50:07,066 - pynamics.output - INFO - done calculating outputs
2021-03-14 19:50:07,151 - pynamics.output - INFO - calculating outputs
2021-03-14 19:50:07,160 - pynamics.output - INFO - done calculating outputs
2021-03-14 19:50:23,020 - pynamics.output - INFO - calculating outputs
2021-03-14 19:50:23,021 - pynamics.output - INFO - done calculating outputs
2021-03-14 19:50:23,041 - pynamics.system - INFO - getting dynamic equations
2021-03-14 19:50:23,169 - pynamics.system - INFO - solving a = f/m and creating function
2021-03-14 19:50:23,170 - pynamics.system - INFO - substituting constrained in Ma-f.
2021-03-14 19:50:23,273 - pynamics.system - INFO - done solving a = f/m and creating function
2021-03-14 19:50:23,274 - pynamics.system - INFO - calculating function for lambdas
2021-03-14 19:50:23,281 - pynamics.integration - INFO - beginning integration
2021-03-14 19:50:23,282 - pynamics.system - INFO - integration at time 0000.00
2021-03-14 19:50:23,596 - pynamics.system - INFO - integration at time 0000.04
2021-03-14 19:50:23,905 - pynamics.system - INFO - integration at time 0002.20
2021-03-14 19:50:24,214 - pynamics.system - INFO - integration at time 0004.93
2021-03-14 19:50:24,470 - pynamics.integration - INFO - finished integration
2021-03-14 19:50:24,622 - pynamics.output - INFO - calculating outputs
2021-03-14 19:50:24,630 - pynamics.output - INFO - done calculating outputs
2021-03-14 19:50:24,756 - pynamics.output - INFO - calculating outputs
2021-03-14 19:50:24,764 - pynamics.output - INFO - done calculating outputs
2021-03-14 19:54:50,346 - pynamics.output - INFO - calculating outputs
2021-03-14 19:54:50,347 - pynamics.output - INFO - done calculating outputs
2021-03-14 19:54:50,606 - pynamics.system - INFO - getting dynamic equations
2021-03-14 19:54:50,781 - pynamics.system - INFO - solving a = f/m and creating function
2021-03-14 19:54:50,783 - pynamics.system - INFO - substituting constrained in Ma-f.
2021-03-14 19:54:50,933 - pynamics.system - INFO - done solving a = f/m and creating function
2021-03-14 19:54:50,933 - pynamics.system - INFO - calculating function for lambdas
2021-03-14 19:54:50,983 - pynamics.integration - INFO - beginning integration
2021-03-14 19:54:50,983 - pynamics.system - INFO - integration at time 0000.00
2021-03-14 19:54:51,297 - pynamics.system - INFO - integration at time 0000.02
2021-03-14 19:54:51,330 - pynamics.integration - INFO - finished integration
2021-03-14 19:54:51,495 - pynamics.output - INFO - calculating outputs
2021-03-14 19:54:51,502 - pynamics.output - INFO - done calculating outputs
2021-03-14 19:54:51,588 - pynamics.output - INFO - calculating outputs
2021-03-14 19:54:51,596 - pynamics.output - INFO - done calculating outputs
2021-03-14 20:02:38,880 - pynamics.output - INFO - calculating outputs
2021-03-14 20:02:38,881 - pynamics.output - INFO - done calculating outputs
2021-03-14 20:02:39,138 - pynamics.system - INFO - getting dynamic equations
2021-03-14 20:02:39,298 - pynamics.system - INFO - solving a = f/m and creating function
2021-03-14 20:02:39,300 - pynamics.system - INFO - substituting constrained in Ma-f.
2021-03-14 20:02:39,445 - pynamics.system - INFO - done solving a = f/m and creating function
2021-03-14 20:02:39,446 - pynamics.system - INFO - calculating function for lambdas
2021-03-14 20:02:39,500 - pynamics.integration - INFO - beginning integration
2021-03-14 20:02:39,501 - pynamics.system - INFO - integration at time 0000.00
2021-03-14 20:02:39,810 - pynamics.system - INFO - integration at time 0000.03
2021-03-14 20:02:40,117 - pynamics.system - INFO - integration at time 0003.65
2021-03-14 20:02:40,343 - pynamics.integration - INFO - finished integration
2021-03-14 20:02:40,501 - pynamics.output - INFO - calculating outputs
2021-03-14 20:02:40,508 - pynamics.output - INFO - done calculating outputs
2021-03-14 20:02:40,611 - pynamics.output - INFO - calculating outputs
2021-03-14 20:02:40,618 - pynamics.output - INFO - done calculating outputs
2021-03-14 20:03:14,375 - pynamics.output - INFO - calculating outputs
2021-03-14 20:03:14,376 - pynamics.output - INFO - done calculating outputs
2021-03-14 20:03:14,615 - pynamics.system - INFO - getting dynamic equations
2021-03-14 20:03:14,774 - pynamics.system - INFO - solving a = f/m and creating function
2021-03-14 20:03:14,776 - pynamics.system - INFO - substituting constrained in Ma-f.
2021-03-14 20:03:14,922 - pynamics.system - INFO - done solving a = f/m and creating function
2021-03-14 20:03:14,922 - pynamics.system - INFO - calculating function for lambdas
2021-03-14 20:03:14,975 - pynamics.integration - INFO - beginning integration
2021-03-14 20:03:14,975 - pynamics.system - INFO - integration at time 0000.00
2021-03-14 20:03:15,282 - pynamics.system - INFO - integration at time 0000.32
2021-03-14 20:03:15,587 - pynamics.system - INFO - integration at time 0004.64
2021-03-14 20:03:15,891 - pynamics.system - INFO - integration at time 0008.52
2021-03-14 20:03:15,941 - pynamics.integration - INFO - finished integration
2021-03-14 20:03:16,087 - pynamics.output - INFO - calculating outputs
2021-03-14 20:03:16,096 - pynamics.output - INFO - done calculating outputs
2021-03-14 20:03:16,197 - pynamics.output - INFO - calculating outputs
2021-03-14 20:03:16,205 - pynamics.output - INFO - done calculating outputs
2021-03-14 20:04:07,282 - pynamics.output - INFO - calculating outputs
2021-03-14 20:04:07,283 - pynamics.output - INFO - done calculating outputs
2021-03-14 20:04:07,541 - pynamics.system - INFO - getting dynamic equations
2021-03-14 20:04:07,716 - pynamics.system - INFO - solving a = f/m and creating function
2021-03-14 20:04:07,718 - pynamics.system - INFO - substituting constrained in Ma-f.
2021-03-14 20:04:07,864 - pynamics.system - INFO - done solving a = f/m and creating function
2021-03-14 20:04:07,864 - pynamics.system - INFO - calculating function for lambdas
2021-03-14 20:04:07,916 - pynamics.integration - INFO - beginning integration
2021-03-14 20:04:07,916 - pynamics.system - INFO - integration at time 0000.00
2021-03-14 20:04:08,230 - pynamics.system - INFO - integration at time 0001.60
2021-03-14 20:04:08,537 - pynamics.system - INFO - integration at time 0005.38
2021-03-14 20:04:08,843 - pynamics.system - INFO - integration at time 0008.82
2021-03-14 20:04:08,931 - pynamics.integration - INFO - finished integration
2021-03-14 20:04:09,079 - pynamics.output - INFO - calculating outputs
2021-03-14 20:04:09,088 - pynamics.output - INFO - done calculating outputs
2021-03-14 20:04:09,173 - pynamics.output - INFO - calculating outputs
2021-03-14 20:04:09,181 - pynamics.output - INFO - done calculating outputs
2021-03-14 20:04:51,630 - pynamics.output - INFO - calculating outputs
2021-03-14 20:04:51,632 - pynamics.output - INFO - done calculating outputs
2021-03-14 20:04:51,888 - pynamics.system - INFO - getting dynamic equations
2021-03-14 20:04:52,048 - pynamics.system - INFO - solving a = f/m and creating function
2021-03-14 20:04:52,050 - pynamics.system - INFO - substituting constrained in Ma-f.
2021-03-14 20:04:52,196 - pynamics.system - INFO - done solving a = f/m and creating function
2021-03-14 20:04:52,196 - pynamics.system - INFO - calculating function for lambdas
2021-03-14 20:04:52,247 - pynamics.integration - INFO - beginning integration
2021-03-14 20:04:52,248 - pynamics.system - INFO - integration at time 0000.00
2021-03-14 20:04:52,555 - pynamics.system - INFO - integration at time 0000.02
2021-03-14 20:04:52,591 - pynamics.integration - INFO - finished integration
2021-03-14 20:04:52,739 - pynamics.output - INFO - calculating outputs
2021-03-14 20:04:52,747 - pynamics.output - INFO - done calculating outputs
2021-03-14 20:04:52,848 - pynamics.output - INFO - calculating outputs
2021-03-14 20:04:52,855 - pynamics.output - INFO - done calculating outputs
2021-03-14 20:06:47,665 - pynamics.output - INFO - calculating outputs
2021-03-14 20:06:47,666 - pynamics.output - INFO - done calculating outputs
2021-03-14 20:06:47,922 - pynamics.system - INFO - getting dynamic equations
2021-03-14 20:06:48,081 - pynamics.system - INFO - solving a = f/m and creating function
2021-03-14 20:06:48,083 - pynamics.system - INFO - substituting constrained in Ma-f.
2021-03-14 20:06:48,229 - pynamics.system - INFO - done solving a = f/m and creating function
2021-03-14 20:06:48,229 - pynamics.system - INFO - calculating function for lambdas
2021-03-14 20:06:48,282 - pynamics.integration - INFO - beginning integration
2021-03-14 20:06:48,283 - pynamics.system - INFO - integration at time 0000.00
2021-03-14 20:06:48,592 - pynamics.system - INFO - integration at time 0000.02
2021-03-14 20:06:48,628 - pynamics.integration - INFO - finished integration
2021-03-14 20:06:48,787 - pynamics.output - INFO - calculating outputs
2021-03-14 20:07:42,271 - pynamics.output - INFO - calculating outputs
2021-03-14 20:07:42,272 - pynamics.output - INFO - done calculating outputs
2021-03-14 20:07:42,525 - pynamics.system - INFO - getting dynamic equations
2021-03-14 20:07:42,683 - pynamics.system - INFO - solving a = f/m and creating function
2021-03-14 20:07:42,685 - pynamics.system - INFO - substituting constrained in Ma-f.
2021-03-14 20:07:42,830 - pynamics.system - INFO - done solving a = f/m and creating function
2021-03-14 20:07:42,831 - pynamics.system - INFO - calculating function for lambdas
2021-03-14 20:07:42,883 - pynamics.integration - INFO - beginning integration
2021-03-14 20:07:42,883 - pynamics.system - INFO - integration at time 0000.00
2021-03-14 20:07:43,191 - pynamics.system - INFO - integration at time 0000.02
2021-03-14 20:07:43,227 - pynamics.integration - INFO - finished integration
2021-03-14 20:07:43,374 - pynamics.output - INFO - calculating outputs
2021-03-14 20:10:18,835 - pynamics.output - INFO - calculating outputs
2021-03-14 20:10:18,837 - pynamics.output - INFO - done calculating outputs
2021-03-14 20:10:19,092 - pynamics.system - INFO - getting dynamic equations
2021-03-14 20:10:19,251 - pynamics.system - INFO - solving a = f/m and creating function
2021-03-14 20:10:19,253 - pynamics.system - INFO - substituting constrained in Ma-f.
2021-03-14 20:10:19,399 - pynamics.system - INFO - done solving a = f/m and creating function
2021-03-14 20:10:19,400 - pynamics.system - INFO - calculating function for lambdas
2021-03-14 20:10:19,452 - pynamics.integration - INFO - beginning integration
2021-03-14 20:10:19,453 - pynamics.system - INFO - integration at time 0000.00
2021-03-14 20:10:19,760 - pynamics.system - INFO - integration at time 0000.02
2021-03-14 20:10:19,797 - pynamics.integration - INFO - finished integration
2021-03-14 20:10:19,945 - pynamics.output - INFO - calculating outputs
2021-03-14 20:10:19,953 - pynamics.output - INFO - done calculating outputs
2021-03-14 20:10:20,053 - pynamics.output - INFO - calculating outputs
2021-03-14 20:10:20,061 - pynamics.output - INFO - done calculating outputs
2021-03-14 20:10:52,821 - pynamics.output - INFO - calculating outputs
2021-03-14 20:10:52,822 - pynamics.output - INFO - done calculating outputs
2021-03-14 20:10:53,080 - pynamics.system - INFO - getting dynamic equations
2021-03-14 20:10:53,238 - pynamics.system - INFO - solving a = f/m and creating function
2021-03-14 20:10:53,240 - pynamics.system - INFO - substituting constrained in Ma-f.
2021-03-14 20:10:53,384 - pynamics.system - INFO - done solving a = f/m and creating function
2021-03-14 20:10:53,384 - pynamics.system - INFO - calculating function for lambdas
2021-03-14 20:10:53,438 - pynamics.integration - INFO - beginning integration
2021-03-14 20:10:53,439 - pynamics.system - INFO - integration at time 0000.00
2021-03-14 20:10:53,744 - pynamics.system - INFO - integration at time 0000.02
2021-03-14 20:10:54,047 - pynamics.system - INFO - integration at time 0001.94
2021-03-14 20:10:54,349 - pynamics.system - INFO - integration at time 0007.88
2021-03-14 20:10:54,416 - pynamics.integration - INFO - finished integration
2021-03-14 20:10:54,581 - pynamics.output - INFO - calculating outputs
2021-03-14 20:10:54,588 - pynamics.output - INFO - done calculating outputs
2021-03-14 20:10:54,673 - pynamics.output - INFO - calculating outputs
2021-03-14 20:10:54,681 - pynamics.output - INFO - done calculating outputs
2021-03-14 20:15:12,764 - pynamics.output - INFO - calculating outputs
2021-03-14 20:15:12,766 - pynamics.output - INFO - done calculating outputs
2021-03-14 20:15:13,007 - pynamics.system - INFO - getting dynamic equations
2021-03-14 20:15:13,180 - pynamics.system - INFO - solving a = f/m and creating function
2021-03-14 20:15:13,182 - pynamics.system - INFO - substituting constrained in Ma-f.
2021-03-14 20:15:13,328 - pynamics.system - INFO - done solving a = f/m and creating function
2021-03-14 20:15:13,328 - pynamics.system - INFO - calculating function for lambdas
2021-03-14 20:15:13,381 - pynamics.integration - INFO - beginning integration
2021-03-14 20:15:13,382 - pynamics.system - INFO - integration at time 0000.00
2021-03-14 20:15:13,689 - pynamics.system - INFO - integration at time 0000.10
2021-03-14 20:15:13,992 - pynamics.system - INFO - integration at time 0002.21
2021-03-14 20:15:14,297 - pynamics.system - INFO - integration at time 0009.69
2021-03-14 20:15:14,347 - pynamics.integration - INFO - finished integration
2021-03-14 20:15:14,507 - pynamics.output - INFO - calculating outputs
2021-03-14 20:15:14,514 - pynamics.output - INFO - done calculating outputs
2021-03-14 20:15:14,615 - pynamics.output - INFO - calculating outputs
2021-03-14 20:15:14,623 - pynamics.output - INFO - done calculating outputs
2021-03-14 20:18:37,169 - pynamics.output - INFO - calculating outputs
2021-03-14 20:18:37,170 - pynamics.output - INFO - done calculating outputs
2021-03-14 20:18:37,413 - pynamics.system - INFO - getting dynamic equations
2021-03-14 20:18:37,573 - pynamics.system - INFO - solving a = f/m and creating function
2021-03-14 20:18:37,575 - pynamics.system - INFO - substituting constrained in Ma-f.
2021-03-14 20:18:37,721 - pynamics.system - INFO - done solving a = f/m and creating function
2021-03-14 20:18:37,721 - pynamics.system - INFO - calculating function for lambdas
2021-03-14 20:18:37,775 - pynamics.integration - INFO - beginning integration
2021-03-14 20:18:37,776 - pynamics.system - INFO - integration at time 0000.00
2021-03-14 20:18:38,083 - pynamics.system - INFO - integration at time 0000.04
2021-03-14 20:18:38,388 - pynamics.system - INFO - integration at time 0000.91
2021-03-14 20:18:38,692 - pynamics.system - INFO - integration at time 0003.38
2021-03-14 20:18:39,000 - pynamics.system - INFO - integration at time 0004.86
2021-03-14 20:18:39,305 - pynamics.system - INFO - integration at time 0008.95
2021-03-14 20:18:39,610 - pynamics.system - INFO - integration at time 0009.93
2021-03-14 20:18:39,736 - pynamics.integration - INFO - finished integration
2021-03-14 20:18:39,883 - pynamics.output - INFO - calculating outputs
2021-03-14 20:18:39,891 - pynamics.output - INFO - done calculating outputs
2021-03-14 20:18:39,992 - pynamics.output - INFO - calculating outputs
2021-03-14 20:18:40,001 - pynamics.output - INFO - done calculating outputs
2021-03-14 20:21:05,168 - pynamics.output - INFO - calculating outputs
2021-03-14 20:21:05,170 - pynamics.output - INFO - done calculating outputs
2021-03-14 20:22:19,565 - pynamics.output - INFO - calculating outputs
2021-03-14 20:22:19,567 - pynamics.output - INFO - done calculating outputs
2021-03-14 20:22:19,808 - pynamics.system - INFO - getting dynamic equations
2021-03-14 20:22:19,964 - pynamics.system - INFO - solving a = f/m and creating function
2021-03-14 20:22:19,966 - pynamics.system - INFO - substituting constrained in Ma-f.
2021-03-14 20:22:20,112 - pynamics.system - INFO - done solving a = f/m and creating function
2021-03-14 20:22:20,112 - pynamics.system - INFO - calculating function for lambdas
2021-03-14 20:22:20,165 - pynamics.integration - INFO - beginning integration
2021-03-14 20:22:20,166 - pynamics.system - INFO - integration at time 0000.00
2021-03-14 20:22:20,474 - pynamics.system - INFO - integration at time 0000.04
2021-03-14 20:22:20,777 - pynamics.system - INFO - integration at time 0000.91
2021-03-14 20:22:21,079 - pynamics.system - INFO - integration at time 0003.38
2021-03-14 20:22:21,380 - pynamics.system - INFO - integration at time 0004.86
2021-03-14 20:22:21,681 - pynamics.system - INFO - integration at time 0008.95
2021-03-14 20:22:21,982 - pynamics.system - INFO - integration at time 0009.93
2021-03-14 20:22:22,107 - pynamics.integration - INFO - finished integration
2021-03-14 20:22:22,258 - pynamics.output - INFO - calculating outputs
2021-03-14 20:22:22,266 - pynamics.output - INFO - done calculating outputs
2021-03-14 20:22:22,367 - pynamics.output - INFO - calculating outputs
2021-03-14 20:22:22,374 - pynamics.output - INFO - done calculating outputs
2021-03-14 20:23:35,440 - pynamics.output - INFO - calculating outputs
2021-03-14 20:23:35,441 - pynamics.output - INFO - done calculating outputs
2021-03-14 20:23:35,681 - pynamics.system - INFO - getting dynamic equations
2021-03-14 20:23:35,841 - pynamics.system - INFO - solving a = f/m and creating function
2021-03-14 20:23:35,843 - pynamics.system - INFO - substituting constrained in Ma-f.
2021-03-14 20:23:35,989 - pynamics.system - INFO - done solving a = f/m and creating function
2021-03-14 20:23:35,990 - pynamics.system - INFO - calculating function for lambdas
2021-03-14 20:23:36,040 - pynamics.integration - INFO - beginning integration
2021-03-14 20:23:36,041 - pynamics.system - INFO - integration at time 0000.00
2021-03-14 20:23:36,355 - pynamics.system - INFO - integration at time 0000.04
2021-03-14 20:23:36,664 - pynamics.system - INFO - integration at time 0000.91
2021-03-14 20:23:36,970 - pynamics.system - INFO - integration at time 0003.38
2021-03-14 20:23:37,276 - pynamics.system - INFO - integration at time 0004.86
2021-03-14 20:23:37,583 - pynamics.system - INFO - integration at time 0008.95
2021-03-14 20:23:37,888 - pynamics.system - INFO - integration at time 0009.93
2021-03-14 20:23:38,014 - pynamics.integration - INFO - finished integration
2021-03-14 20:23:38,163 - pynamics.output - INFO - calculating outputs
2021-03-14 20:23:38,171 - pynamics.output - INFO - done calculating outputs
2021-03-14 20:23:38,272 - pynamics.output - INFO - calculating outputs
2021-03-14 20:23:38,280 - pynamics.output - INFO - done calculating outputs
2021-03-14 20:24:00,288 - pynamics.output - INFO - calculating outputs
2021-03-14 20:24:00,290 - pynamics.output - INFO - done calculating outputs
2021-03-14 21:00:21,653 - pynamics.output - INFO - calculating outputs
2021-03-14 21:00:21,654 - pynamics.output - INFO - done calculating outputs
2021-03-14 21:00:21,897 - pynamics.system - INFO - getting dynamic equations
2021-03-14 21:00:22,057 - pynamics.system - INFO - solving a = f/m and creating function
2021-03-14 21:00:22,059 - pynamics.system - INFO - substituting constrained in Ma-f.
2021-03-14 21:00:22,205 - pynamics.system - INFO - done solving a = f/m and creating function
2021-03-14 21:00:22,206 - pynamics.system - INFO - calculating function for lambdas
2021-03-14 21:00:22,256 - pynamics.integration - INFO - beginning integration
2021-03-14 21:00:22,257 - pynamics.system - INFO - integration at time 0000.00
2021-03-14 21:00:22,570 - pynamics.system - INFO - integration at time 0000.04
2021-03-14 21:00:22,878 - pynamics.system - INFO - integration at time 0000.91
2021-03-14 21:00:23,185 - pynamics.system - INFO - integration at time 0003.38
2021-03-14 21:00:23,491 - pynamics.system - INFO - integration at time 0004.86
2021-03-14 21:00:23,798 - pynamics.system - INFO - integration at time 0008.95
2021-03-14 21:00:24,106 - pynamics.system - INFO - integration at time 0009.93
2021-03-14 21:00:24,231 - pynamics.integration - INFO - finished integration
2021-03-14 21:00:24,379 - pynamics.output - INFO - calculating outputs
2021-03-14 21:00:24,386 - pynamics.output - INFO - done calculating outputs
2021-03-14 21:00:24,486 - pynamics.output - INFO - calculating outputs
2021-03-14 21:00:24,494 - pynamics.output - INFO - done calculating outputs
2021-03-14 21:15:05,377 - pynamics.output - INFO - calculating outputs
2021-03-14 21:15:05,379 - pynamics.output - INFO - done calculating outputs
2021-03-14 21:15:05,608 - pynamics.system - INFO - getting dynamic equations
2021-03-14 21:15:05,764 - pynamics.system - INFO - solving a = f/m and creating function
2021-03-14 21:15:05,767 - pynamics.system - INFO - substituting constrained in Ma-f.
2021-03-14 21:15:05,912 - pynamics.system - INFO - done solving a = f/m and creating function
2021-03-14 21:15:05,912 - pynamics.system - INFO - calculating function for lambdas
2021-03-14 21:15:05,964 - pynamics.integration - INFO - beginning integration
2021-03-14 21:15:05,964 - pynamics.system - INFO - integration at time 0000.00
2021-03-14 21:15:06,280 - pynamics.system - INFO - integration at time 0000.03
2021-03-14 21:15:06,588 - pynamics.system - INFO - integration at time 0001.34
2021-03-14 21:15:06,898 - pynamics.system - INFO - integration at time 0004.49
2021-03-14 21:15:07,205 - pynamics.system - INFO - integration at time 0006.00
2021-03-14 21:15:07,513 - pynamics.system - INFO - integration at time 0009.53
2021-03-14 21:15:07,611 - pynamics.integration - INFO - finished integration
2021-03-14 21:15:07,767 - pynamics.output - INFO - calculating outputs
2021-03-14 21:15:07,775 - pynamics.output - INFO - done calculating outputs
2021-03-14 21:15:07,862 - pynamics.output - INFO - calculating outputs
2021-03-14 21:15:07,869 - pynamics.output - INFO - done calculating outputs
2021-03-14 21:19:12,857 - pynamics.output - INFO - calculating outputs
2021-03-14 21:19:12,859 - pynamics.output - INFO - done calculating outputs
2021-03-14 21:19:13,115 - pynamics.system - INFO - getting dynamic equations
2021-03-14 21:19:13,286 - pynamics.system - INFO - solving a = f/m and creating function
2021-03-14 21:19:13,288 - pynamics.system - INFO - substituting constrained in Ma-f.
2021-03-14 21:19:13,431 - pynamics.system - INFO - done solving a = f/m and creating function
2021-03-14 21:19:13,431 - pynamics.system - INFO - calculating function for lambdas
2021-03-14 21:19:13,486 - pynamics.integration - INFO - beginning integration
2021-03-14 21:19:13,486 - pynamics.system - INFO - integration at time 0000.00
2021-03-14 21:19:13,797 - pynamics.system - INFO - integration at time 0000.17
2021-03-14 21:19:14,105 - pynamics.system - INFO - integration at time 0001.32
2021-03-14 21:19:14,416 - pynamics.system - INFO - integration at time 0004.36
2021-03-14 21:19:14,723 - pynamics.system - INFO - integration at time 0006.76
2021-03-14 21:19:15,032 - pynamics.system - INFO - integration at time 0006.93
2021-03-14 21:19:15,341 - pynamics.system - INFO - integration at time 0007.02
2021-03-14 21:19:15,651 - pynamics.system - INFO - integration at time 0007.07
2021-03-14 21:19:15,959 - pynamics.system - INFO - integration at time 0007.14
2021-03-14 21:19:16,266 - pynamics.system - INFO - integration at time 0007.20
2021-03-14 21:19:16,573 - pynamics.system - INFO - integration at time 0007.25
2021-03-14 21:19:16,883 - pynamics.system - INFO - integration at time 0007.30
2021-03-14 21:19:17,190 - pynamics.system - INFO - integration at time 0007.33
2021-03-14 21:19:17,499 - pynamics.system - INFO - integration at time 0007.37
2021-03-14 21:19:17,809 - pynamics.system - INFO - integration at time 0007.40
2021-03-14 21:19:18,122 - pynamics.system - INFO - integration at time 0007.44
2021-03-14 21:19:18,430 - pynamics.system - INFO - integration at time 0007.48
2021-03-14 21:19:18,739 - pynamics.system - INFO - integration at time 0007.51
2021-03-14 21:19:19,050 - pynamics.system - INFO - integration at time 0007.54
2021-03-14 21:19:19,372 - pynamics.system - INFO - integration at time 0007.57
2021-03-14 21:19:19,696 - pynamics.system - INFO - integration at time 0007.60
2021-03-14 21:19:20,020 - pynamics.system - INFO - integration at time 0007.64
2021-03-14 21:19:20,343 - pynamics.system - INFO - integration at time 0007.65
2021-03-14 21:19:20,667 - pynamics.system - INFO - integration at time 0007.68
2021-03-14 21:19:20,993 - pynamics.system - INFO - integration at time 0007.72
2021-03-14 21:19:21,314 - pynamics.system - INFO - integration at time 0007.74
2021-03-14 21:19:21,635 - pynamics.system - INFO - integration at time 0007.77
2021-03-14 21:19:21,954 - pynamics.system - INFO - integration at time 0007.79
2021-03-14 21:19:22,274 - pynamics.system - INFO - integration at time 0007.82
2021-03-14 21:19:22,593 - pynamics.system - INFO - integration at time 0007.84
2021-03-14 21:19:22,913 - pynamics.system - INFO - integration at time 0007.86
2021-03-14 21:19:23,234 - pynamics.system - INFO - integration at time 0007.88
2021-03-14 21:19:23,556 - pynamics.system - INFO - integration at time 0007.91
2021-03-14 21:19:23,874 - pynamics.system - INFO - integration at time 0007.93
2021-03-14 21:19:24,192 - pynamics.system - INFO - integration at time 0007.95
2021-03-14 21:19:24,512 - pynamics.system - INFO - integration at time 0007.97
2021-03-14 21:19:24,832 - pynamics.system - INFO - integration at time 0008.00
2021-03-14 21:19:25,151 - pynamics.system - INFO - integration at time 0008.02
2021-03-14 21:19:25,474 - pynamics.system - INFO - integration at time 0008.04
2021-03-14 21:19:25,802 - pynamics.system - INFO - integration at time 0008.06
2021-03-14 21:19:26,122 - pynamics.system - INFO - integration at time 0008.08
2021-03-14 21:19:26,441 - pynamics.system - INFO - integration at time 0008.10
2021-03-14 21:19:26,761 - pynamics.system - INFO - integration at time 0008.12
2021-03-14 21:19:27,083 - pynamics.system - INFO - integration at time 0008.13
2021-03-14 21:19:27,413 - pynamics.system - INFO - integration at time 0008.15
2021-03-14 21:19:27,730 - pynamics.system - INFO - integration at time 0008.17
2021-03-14 21:19:28,047 - pynamics.system - INFO - integration at time 0008.18
2021-03-14 21:19:28,367 - pynamics.system - INFO - integration at time 0008.20
2021-03-14 21:19:28,686 - pynamics.system - INFO - integration at time 0008.22
2021-03-14 21:19:29,006 - pynamics.system - INFO - integration at time 0008.24
2021-03-14 21:19:29,327 - pynamics.system - INFO - integration at time 0008.26
2021-03-14 21:19:29,646 - pynamics.system - INFO - integration at time 0008.28
2021-03-14 21:19:29,967 - pynamics.system - INFO - integration at time 0008.30
2021-03-14 21:19:30,286 - pynamics.system - INFO - integration at time 0008.31
2021-03-14 21:19:30,606 - pynamics.system - INFO - integration at time 0008.33
2021-03-14 21:19:30,925 - pynamics.system - INFO - integration at time 0008.35
2021-03-14 21:19:31,245 - pynamics.system - INFO - integration at time 0008.37
2021-03-14 21:19:31,563 - pynamics.system - INFO - integration at time 0008.38
2021-03-14 21:19:31,884 - pynamics.system - INFO - integration at time 0008.40
2021-03-14 21:19:32,202 - pynamics.system - INFO - integration at time 0008.42
2021-03-14 21:19:32,521 - pynamics.system - INFO - integration at time 0008.43
2021-03-14 21:19:32,841 - pynamics.system - INFO - integration at time 0008.45
2021-03-14 21:19:33,160 - pynamics.system - INFO - integration at time 0008.47
2021-03-14 21:19:33,486 - pynamics.system - INFO - integration at time 0008.49
2021-03-14 21:19:33,806 - pynamics.system - INFO - integration at time 0008.51
2021-03-14 21:19:34,125 - pynamics.system - INFO - integration at time 0008.53
2021-03-14 21:19:34,446 - pynamics.system - INFO - integration at time 0008.55
2021-03-14 21:19:34,764 - pynamics.system - INFO - integration at time 0008.56
2021-03-14 21:19:35,085 - pynamics.system - INFO - integration at time 0008.58
2021-03-14 21:19:35,410 - pynamics.system - INFO - integration at time 0008.60
2021-03-14 21:19:35,738 - pynamics.system - INFO - integration at time 0008.62
2021-03-14 21:19:36,058 - pynamics.system - INFO - integration at time 0008.64
2021-03-14 21:19:36,383 - pynamics.system - INFO - integration at time 0008.65
2021-03-14 21:19:36,700 - pynamics.system - INFO - integration at time 0008.68
2021-03-14 21:19:37,019 - pynamics.system - INFO - integration at time 0008.69
2021-03-14 21:19:37,338 - pynamics.system - INFO - integration at time 0008.71
2021-03-14 21:19:37,654 - pynamics.system - INFO - integration at time 0008.73
2021-03-14 21:19:37,974 - pynamics.system - INFO - integration at time 0008.74
2021-03-14 21:19:38,291 - pynamics.system - INFO - integration at time 0008.76
2021-03-14 21:19:38,611 - pynamics.system - INFO - integration at time 0008.78
2021-03-14 21:19:38,930 - pynamics.system - INFO - integration at time 0008.79
2021-03-14 21:19:39,245 - pynamics.system - INFO - integration at time 0008.81
2021-03-14 21:19:39,564 - pynamics.system - INFO - integration at time 0008.83
2021-03-14 21:19:39,880 - pynamics.system - INFO - integration at time 0008.85
2021-03-14 21:19:40,199 - pynamics.system - INFO - integration at time 0008.86
2021-03-14 21:19:40,525 - pynamics.system - INFO - integration at time 0008.88
2021-03-14 21:19:40,847 - pynamics.system - INFO - integration at time 0008.90
2021-03-14 21:19:41,167 - pynamics.system - INFO - integration at time 0008.91
2021-03-14 21:19:41,495 - pynamics.system - INFO - integration at time 0008.93
2021-03-14 21:19:41,820 - pynamics.system - INFO - integration at time 0008.95
2021-03-14 21:19:42,139 - pynamics.system - INFO - integration at time 0008.97
2021-03-14 21:19:42,459 - pynamics.system - INFO - integration at time 0008.98
2021-03-14 21:19:42,778 - pynamics.system - INFO - integration at time 0009.00
2021-03-14 21:19:43,096 - pynamics.system - INFO - integration at time 0009.02
2021-03-14 21:19:43,413 - pynamics.system - INFO - integration at time 0009.04
2021-03-14 21:19:43,736 - pynamics.system - INFO - integration at time 0009.05
2021-03-14 21:19:44,060 - pynamics.system - INFO - integration at time 0009.07
2021-03-14 21:19:44,384 - pynamics.system - INFO - integration at time 0009.09
2021-03-14 21:19:44,706 - pynamics.system - INFO - integration at time 0009.11
2021-03-14 21:19:45,026 - pynamics.system - INFO - integration at time 0009.12
2021-03-14 21:19:45,346 - pynamics.system - INFO - integration at time 0009.14
2021-03-14 21:19:45,670 - pynamics.system - INFO - integration at time 0009.16
2021-03-14 21:19:46,000 - pynamics.system - INFO - integration at time 0009.18
2021-03-14 21:19:46,330 - pynamics.system - INFO - integration at time 0009.19
2021-03-14 21:19:46,648 - pynamics.system - INFO - integration at time 0009.21
2021-03-14 21:19:46,970 - pynamics.system - INFO - integration at time 0009.22
2021-03-14 21:19:47,289 - pynamics.system - INFO - integration at time 0009.24
2021-03-14 21:19:47,614 - pynamics.system - INFO - integration at time 0009.26
2021-03-14 21:19:47,934 - pynamics.system - INFO - integration at time 0009.28
2021-03-14 21:19:48,254 - pynamics.system - INFO - integration at time 0009.29
2021-03-14 21:19:48,572 - pynamics.system - INFO - integration at time 0009.31
2021-03-14 21:19:48,892 - pynamics.system - INFO - integration at time 0009.32
2021-03-14 21:19:49,211 - pynamics.system - INFO - integration at time 0009.34
2021-03-14 21:19:49,533 - pynamics.system - INFO - integration at time 0009.36
2021-03-14 21:19:49,854 - pynamics.system - INFO - integration at time 0009.38
2021-03-14 21:19:50,175 - pynamics.system - INFO - integration at time 0009.39
2021-03-14 21:19:50,493 - pynamics.system - INFO - integration at time 0009.41
2021-03-14 21:19:50,812 - pynamics.system - INFO - integration at time 0009.43
2021-03-14 21:19:51,137 - pynamics.system - INFO - integration at time 0009.44
2021-03-14 21:19:51,457 - pynamics.system - INFO - integration at time 0009.46
2021-03-14 21:19:51,775 - pynamics.system - INFO - integration at time 0009.48
2021-03-14 21:19:52,095 - pynamics.system - INFO - integration at time 0009.50
2021-03-14 21:19:52,416 - pynamics.system - INFO - integration at time 0009.52
2021-03-14 21:19:52,742 - pynamics.system - INFO - integration at time 0009.54
2021-03-14 21:19:53,070 - pynamics.system - INFO - integration at time 0009.55
2021-03-14 21:19:53,391 - pynamics.system - INFO - integration at time 0009.57
2021-03-14 21:19:53,712 - pynamics.system - INFO - integration at time 0009.59
2021-03-14 21:19:54,033 - pynamics.system - INFO - integration at time 0009.60
2021-03-14 21:19:54,356 - pynamics.system - INFO - integration at time 0009.62
2021-03-14 21:19:54,683 - pynamics.system - INFO - integration at time 0009.64
2021-03-14 21:19:55,004 - pynamics.system - INFO - integration at time 0009.66
2021-03-14 21:19:55,322 - pynamics.system - INFO - integration at time 0009.68
2021-03-14 21:19:55,642 - pynamics.system - INFO - integration at time 0009.70
2021-03-14 21:19:55,961 - pynamics.system - INFO - integration at time 0009.71
2021-03-14 21:19:56,280 - pynamics.system - INFO - integration at time 0009.73
2021-03-14 21:19:56,599 - pynamics.system - INFO - integration at time 0009.75
2021-03-14 21:19:56,920 - pynamics.system - INFO - integration at time 0009.77
2021-03-14 21:19:57,242 - pynamics.system - INFO - integration at time 0009.78
2021-03-14 21:19:57,562 - pynamics.system - INFO - integration at time 0009.80
2021-03-14 21:19:57,882 - pynamics.system - INFO - integration at time 0009.82
2021-03-14 21:19:58,202 - pynamics.system - INFO - integration at time 0009.83
2021-03-14 21:19:58,523 - pynamics.system - INFO - integration at time 0009.85
2021-03-14 21:19:58,841 - pynamics.system - INFO - integration at time 0009.87
2021-03-14 21:19:59,158 - pynamics.system - INFO - integration at time 0009.89
2021-03-14 21:19:59,476 - pynamics.system - INFO - integration at time 0009.90
2021-03-14 21:19:59,795 - pynamics.system - INFO - integration at time 0009.92
2021-03-14 21:20:00,113 - pynamics.system - INFO - integration at time 0009.94
2021-03-14 21:20:00,432 - pynamics.system - INFO - integration at time 0009.96
2021-03-14 21:20:00,598 - pynamics.integration - INFO - finished integration
2021-03-14 21:20:00,756 - pynamics.output - INFO - calculating outputs
2021-03-14 21:20:00,764 - pynamics.output - INFO - done calculating outputs
2021-03-14 21:20:00,866 - pynamics.output - INFO - calculating outputs
2021-03-14 21:20:00,874 - pynamics.output - INFO - done calculating outputs
2021-03-14 21:20:30,109 - pynamics.output - INFO - calculating outputs
2021-03-14 21:20:30,110 - pynamics.output - INFO - done calculating outputs
2021-03-14 21:20:30,366 - pynamics.system - INFO - getting dynamic equations
2021-03-14 21:20:30,540 - pynamics.system - INFO - solving a = f/m and creating function
2021-03-14 21:20:30,543 - pynamics.system - INFO - substituting constrained in Ma-f.
2021-03-14 21:20:30,693 - pynamics.system - INFO - done solving a = f/m and creating function
2021-03-14 21:20:30,694 - pynamics.system - INFO - calculating function for lambdas
2021-03-14 21:20:30,752 - pynamics.integration - INFO - beginning integration
2021-03-14 21:20:30,752 - pynamics.system - INFO - integration at time 0000.00
2021-03-14 21:20:31,062 - pynamics.system - INFO - integration at time 0000.13
2021-03-14 21:20:31,369 - pynamics.system - INFO - integration at time 0001.71
2021-03-14 21:20:31,676 - pynamics.system - INFO - integration at time 0004.90
2021-03-14 21:20:31,990 - pynamics.system - INFO - integration at time 0008.50
2021-03-14 21:20:32,050 - pynamics.integration - INFO - finished integration
2021-03-14 21:20:32,221 - pynamics.output - INFO - calculating outputs
2021-03-14 21:20:32,229 - pynamics.output - INFO - done calculating outputs
2021-03-14 21:20:32,329 - pynamics.output - INFO - calculating outputs
2021-03-14 21:20:32,337 - pynamics.output - INFO - done calculating outputs
2021-03-14 21:21:08,766 - pynamics.output - INFO - calculating outputs
2021-03-14 21:21:08,768 - pynamics.output - INFO - done calculating outputs
2021-03-14 21:21:09,027 - pynamics.system - INFO - getting dynamic equations
2021-03-14 21:21:09,197 - pynamics.system - INFO - solving a = f/m and creating function
2021-03-14 21:21:09,199 - pynamics.system - INFO - substituting constrained in Ma-f.
2021-03-14 21:21:09,346 - pynamics.system - INFO - done solving a = f/m and creating function
2021-03-14 21:21:09,346 - pynamics.system - INFO - calculating function for lambdas
2021-03-14 21:21:09,390 - pynamics.integration - INFO - beginning integration
2021-03-14 21:21:09,391 - pynamics.system - INFO - integration at time 0000.00
2021-03-14 21:21:09,701 - pynamics.system - INFO - integration at time 0000.21
2021-03-14 21:21:10,006 - pynamics.system - INFO - integration at time 0002.86
2021-03-14 21:21:10,317 - pynamics.system - INFO - integration at time 0008.71
2021-03-14 21:21:10,383 - pynamics.integration - INFO - finished integration
2021-03-14 21:21:10,530 - pynamics.output - INFO - calculating outputs
2021-03-14 21:21:10,538 - pynamics.output - INFO - done calculating outputs
2021-03-14 21:21:10,638 - pynamics.output - INFO - calculating outputs
2021-03-14 21:21:10,647 - pynamics.output - INFO - done calculating outputs
2021-03-14 21:22:36,213 - pynamics.output - INFO - calculating outputs
2021-03-14 21:22:36,214 - pynamics.output - INFO - done calculating outputs
2021-03-14 21:22:36,469 - pynamics.system - INFO - getting dynamic equations
2021-03-14 21:22:36,640 - pynamics.system - INFO - solving a = f/m and creating function
2021-03-14 21:22:36,642 - pynamics.system - INFO - substituting constrained in Ma-f.
2021-03-14 21:22:36,792 - pynamics.system - INFO - done solving a = f/m and creating function
2021-03-14 21:22:36,792 - pynamics.system - INFO - calculating function for lambdas
2021-03-14 21:22:36,848 - pynamics.integration - INFO - beginning integration
2021-03-14 21:22:36,849 - pynamics.system - INFO - integration at time 0000.00
2021-03-14 21:22:37,158 - pynamics.system - INFO - integration at time 0000.21
2021-03-14 21:22:37,468 - pynamics.system - INFO - integration at time 0002.86
2021-03-14 21:22:37,644 - pynamics.integration - INFO - finished integration
2021-03-14 21:22:37,805 - pynamics.output - INFO - calculating outputs
2021-03-14 21:22:37,810 - pynamics.output - INFO - done calculating outputs
2021-03-14 21:22:37,898 - pynamics.output - INFO - calculating outputs
2021-03-14 21:22:37,903 - pynamics.output - INFO - done calculating outputs
2021-03-14 21:35:05,700 - pynamics.output - INFO - calculating outputs
2021-03-14 21:35:05,701 - pynamics.output - INFO - done calculating outputs
2021-03-14 21:35:05,946 - pynamics.system - INFO - getting dynamic equations
2021-03-14 21:35:06,120 - pynamics.system - INFO - solving a = f/m and creating function
2021-03-14 21:35:06,123 - pynamics.system - INFO - substituting constrained in Ma-f.
2021-03-14 21:35:06,272 - pynamics.system - INFO - done solving a = f/m and creating function
2021-03-14 21:35:06,273 - pynamics.system - INFO - calculating function for lambdas
2021-03-14 21:35:06,320 - pynamics.integration - INFO - beginning integration
2021-03-14 21:35:06,320 - pynamics.system - INFO - integration at time 0000.00
2021-03-14 21:35:06,640 - pynamics.system - INFO - integration at time 0000.21
2021-03-14 21:35:06,956 - pynamics.system - INFO - integration at time 0002.86
2021-03-14 21:35:07,155 - pynamics.integration - INFO - finished integration
2021-03-14 21:35:07,318 - pynamics.output - INFO - calculating outputs
2021-03-14 21:35:07,324 - pynamics.output - INFO - done calculating outputs
2021-03-14 21:35:07,424 - pynamics.output - INFO - calculating outputs
2021-03-14 21:35:07,430 - pynamics.output - INFO - done calculating outputs
2021-03-14 21:35:08,529 - pynamics.output - INFO - calculating outputs
2021-03-14 21:35:08,531 - pynamics.output - INFO - done calculating outputs
2021-03-14 21:35:08,771 - pynamics.system - INFO - getting dynamic equations
2021-03-14 21:35:08,945 - pynamics.system - INFO - solving a = f/m and creating function
2021-03-14 21:35:08,948 - pynamics.system - INFO - substituting constrained in Ma-f.
2021-03-14 21:35:09,101 - pynamics.system - INFO - done solving a = f/m and creating function
2021-03-14 21:35:09,101 - pynamics.system - INFO - calculating function for lambdas
2021-03-14 21:35:09,149 - pynamics.integration - INFO - beginning integration
2021-03-14 21:35:09,150 - pynamics.system - INFO - integration at time 0000.00
2021-03-14 21:35:09,489 - pynamics.system - INFO - integration at time 0000.03
2021-03-14 21:35:09,800 - pynamics.system - INFO - integration at time 0001.34
2021-03-14 21:35:10,138 - pynamics.system - INFO - integration at time 0004.49
2021-03-14 21:35:10,481 - pynamics.system - INFO - integration at time 0006.00
2021-03-14 21:35:10,821 - pynamics.system - INFO - integration at time 0009.53
2021-03-14 21:35:10,921 - pynamics.integration - INFO - finished integration
2021-03-14 21:35:11,092 - pynamics.output - INFO - calculating outputs
2021-03-14 21:35:11,100 - pynamics.output - INFO - done calculating outputs
2021-03-14 21:35:11,216 - pynamics.output - INFO - calculating outputs
2021-03-14 21:35:11,224 - pynamics.output - INFO - done calculating outputs
2021-03-14 21:35:24,765 - pynamics.output - INFO - calculating outputs
2021-03-14 21:35:24,766 - pynamics.output - INFO - done calculating outputs
